{
  message: '{\n' +
    '    "method": "POST",\n' +
    '    "url": "/upload",\n' +
    '    "status": 401,\n' +
    '    "duration": "6ms",\n' +
    '    "requestBody": {},\n' +
    '    "responseHeaders": {\n' +
    '        "x-powered-by": "Express",\n' +
    '        "access-control-allow-origin": "*",\n' +
    '        "content-type": "application/json; charset=utf-8",\n' +
    '        "content-length": "27",\n' +
    '        "etag": "W/\\"1b-ptDm3ggC53pgcLgMnSH4sPfBUYY\\""\n' +
    '    }\n' +
    '}',
  level: 'info',
  timestamp: '2025-01-30 09:26:34'
}
{
  message: 'shuhratkarimov.dev@gmail.com email egasi login qilishga urindi!',
  level: 'info',
  timestamp: '2025-01-30 09:26:42'
}
{
  message: 'shuhrat tizimga kirdi!',
  level: 'info',
  timestamp: '2025-01-30 09:26:42'
}
{
  message: '{\n' +
    '    "method": "POST",\n' +
    '    "url": "/login",\n' +
    '    "status": 200,\n' +
    '    "duration": "645ms",\n' +
    '    "requestBody": {\n' +
    '        "email": "shuhratkarimov.dev@gmail.com",\n' +
    '        "password": "1111"\n' +
    '    },\n' +
    '    "responseHeaders": {\n' +
    '        "x-powered-by": "Express",\n' +
    '        "access-control-allow-origin": "*",\n' +
    '        "set-cookie": [\n' +
    '            "accesstoken=eyJhbGciOiJIUzI1NiIsInR5cCI6IkpXVCJ9.eyJ1c2VybmFtZSI6InNodWhyYXQiLCJlbWFpbCI6InNodWhyYXRrYXJpbW92LmRldkBnbWFpbC5jb20iLCJyb2xlIjoic3VwZXJhZG1pbiIsImlhdCI6MTczODIxMTIwMiwiZXhwIjoxNzM4MjEyMTAyfQ.9PPsxwB6-P9Hl4mhLZcnWud8_nG69DHt9Qww1sExEiE; Max-Age=900; Path=/; Expires=Thu, 30 Jan 2025 04:41:42 GMT; HttpOnly",\n' +
    '            "refreshtoken=eyJhbGciOiJIUzI1NiIsInR5cCI6IkpXVCJ9.eyJ1c2VybmFtZSI6InNodWhyYXQiLCJlbWFpbCI6InNodWhyYXRrYXJpbW92LmRldkBnbWFpbC5jb20iLCJyb2xlIjoic3VwZXJhZG1pbiIsImlhdCI6MTczODIxMTIwMiwiZXhwIjoxNzM4ODE2MDAyfQ.9o0lZKDrRow7ysIJ49Vr3rewVIB7h437UTmAHFpZx-k; Max-Age=604800; Path=/; Expires=Thu, 06 Feb 2025 04:26:42 GMT; HttpOnly"\n' +
    '        ],\n' +
    '        "content-type": "application/json; charset=utf-8",\n' +
    '        "content-length": "61",\n' +
    '        "etag": "W/\\"3d-zzZYoy/f/2rDKMTNKzSjvMrDORk\\""\n' +
    '    }\n' +
    '}',
  level: 'info',
  timestamp: '2025-01-30 09:26:42'
}
{
  message: '{\n' +
    '    "method": "POST",\n' +
    '    "url": "/upload",\n' +
    '    "status": 404,\n' +
    '    "duration": "11ms",\n' +
    '    "requestBody": {},\n' +
    '    "responseHeaders": {\n' +
    '        "x-powered-by": "Express",\n' +
    '        "access-control-allow-origin": "*",\n' +
    '        "content-type": "application/json; charset=utf-8",\n' +
    '        "content-length": "33",\n' +
    '        "etag": "W/\\"21-jB/GzA8nAUKehUHDhpRn4wmSWGI\\""\n' +
    '    }\n' +
    '}',
  level: 'info',
  timestamp: '2025-01-30 09:26:48'
}
{
  message: '{\n' +
    '    "method": "POST",\n' +
    '    "url": "/upload",\n' +
    '    "status": 404,\n' +
    '    "duration": "16ms",\n' +
    '    "requestBody": {},\n' +
    '    "responseHeaders": {\n' +
    '        "x-powered-by": "Express",\n' +
    '        "access-control-allow-origin": "*",\n' +
    '        "content-type": "application/json; charset=utf-8",\n' +
    '        "content-length": "33",\n' +
    '        "etag": "W/\\"21-jB/GzA8nAUKehUHDhpRn4wmSWGI\\""\n' +
    '    }\n' +
    '}',
  level: 'info',
  timestamp: '2025-01-30 09:27:32'
}
{
  message: '{\n' +
    '    "method": "POST",\n' +
    '    "url": "/upload",\n' +
    '    "status": 404,\n' +
    '    "duration": "2525ms",\n' +
    '    "requestBody": {},\n' +
    '    "responseHeaders": {\n' +
    '        "x-powered-by": "Express",\n' +
    '        "access-control-allow-origin": "*",\n' +
    '        "content-type": "application/json; charset=utf-8",\n' +
    '        "content-length": "34",\n' +
    '        "etag": "W/\\"22-rarpcyNy4W2Lzpfh7KP9KJsnqyk\\""\n' +
    '    }\n' +
    '}',
  level: 'info',
  timestamp: '2025-01-30 09:28:12'
}
{
  message: '{\n' +
    '    "method": "GET",\n' +
    '    "url": "/get_cars?brand=chevrolet",\n' +
    '    "status": 200,\n' +
    '    "duration": "330ms",\n' +
    '    "requestBody": {},\n' +
    '    "responseHeaders": {\n' +
    '        "x-powered-by": "Express",\n' +
    '        "access-control-allow-origin": "*",\n' +
    '        "content-type": "application/json; charset=utf-8",\n' +
    '        "content-length": "1518",\n' +
    '        "etag": "W/\\"5ee-u67zBMD2Akso5GAmZoy14YF52aI\\""\n' +
    '    }\n' +
    '}',
  level: 'info',
  timestamp: '2025-01-30 09:28:31'
}
{
  message: '{\n' +
    '    "method": "GET",\n' +
    '    "url": "/get_cars?brand=chevrolet",\n' +
    '    "status": 200,\n' +
    '    "duration": "679ms",\n' +
    '    "requestBody": {},\n' +
    '    "responseHeaders": {\n' +
    '        "x-powered-by": "Express",\n' +
    '        "access-control-allow-origin": "*",\n' +
    '        "content-type": "application/json; charset=utf-8",\n' +
    '        "content-length": "1572",\n' +
    '        "etag": "W/\\"624-2MvrvxG3bUSFXLs9CwHWFCqQINM\\""\n' +
    '    }\n' +
    '}',
  level: 'info',
  timestamp: '2025-01-30 09:29:25'
}
{
  message: '{\n' +
    '    "method": "POST",\n' +
    '    "url": "/upload/6797243cbd43fc93092b892f",\n' +
    '    "status": 404,\n' +
    '    "duration": "3ms",\n' +
    '    "requestBody": {},\n' +
    '    "responseHeaders": {\n' +
    '        "x-powered-by": "Express",\n' +
    '        "access-control-allow-origin": "*",\n' +
    `        "content-security-policy": "default-src 'none'",\n` +
    '        "x-content-type-options": "nosniff",\n' +
    '        "content-type": "text/html; charset=utf-8",\n' +
    '        "content-length": 171\n' +
    '    }\n' +
    '}',
  level: 'info',
  timestamp: '2025-01-30 09:30:14'
}
{
  message: '{\n' +
    '    "method": "POST",\n' +
    '    "url": "/upload/6797243cbd43fc93092b892f",\n' +
    '    "status": 201,\n' +
    '    "duration": "928ms",\n' +
    '    "requestBody": {},\n' +
    '    "responseHeaders": {\n' +
    '        "x-powered-by": "Express",\n' +
    '        "access-control-allow-origin": "*",\n' +
    '        "content-type": "application/json; charset=utf-8",\n' +
    '        "content-length": "183",\n' +
    '        "etag": "W/\\"b7-d7vbQ0kvbVGe4XzxorcqwZzs0Fg\\""\n' +
    '    }\n' +
    '}',
  level: 'info',
  timestamp: '2025-01-30 09:31:59'
}
{
  message: '{\n' +
    '    "method": "POST",\n' +
    '    "url": "/upload_book_image/67965fc99e4aa14a16ebafd9",\n' +
    '    "status": 404,\n' +
    '    "duration": "53ms",\n' +
    '    "requestBody": {},\n' +
    '    "responseHeaders": {\n' +
    '        "x-powered-by": "Express",\n' +
    '        "access-control-allow-origin": "*",\n' +
    `        "content-security-policy": "default-src 'none'",\n` +
    '        "x-content-type-options": "nosniff",\n' +
    '        "content-type": "text/html; charset=utf-8",\n' +
    '        "content-length": 182\n' +
    '    }\n' +
    '}',
  level: 'info',
  timestamp: '2025-01-30 09:32:23'
}
{
  message: '{\n' +
    '    "method": "GET",\n' +
    '    "url": "/get_cars?brand=chevrolet",\n' +
    '    "status": 200,\n' +
    '    "duration": "304ms",\n' +
    '    "requestBody": {},\n' +
    '    "responseHeaders": {\n' +
    '        "x-powered-by": "Express",\n' +
    '        "access-control-allow-origin": "*",\n' +
    '        "content-type": "application/json; charset=utf-8",\n' +
    '        "content-length": "1708",\n' +
    '        "etag": "W/\\"6ac-cKOjIAAqsmEa30q0atiG7IELfNU\\""\n' +
    '    }\n' +
    '}',
  level: 'info',
  timestamp: '2025-01-30 09:32:44'
}
{
  message: '{\n' +
    '    "method": "GET",\n' +
    '    "url": "/1738211518489.png",\n' +
    '    "status": 404,\n' +
    '    "duration": "2ms",\n' +
    '    "requestBody": {},\n' +
    '    "responseHeaders": {\n' +
    '        "x-powered-by": "Express",\n' +
    '        "access-control-allow-origin": "*",\n' +
    `        "content-security-policy": "default-src 'none'",\n` +
    '        "x-content-type-options": "nosniff",\n' +
    '        "content-type": "text/html; charset=utf-8",\n' +
    '        "content-length": 156\n' +
    '    }\n' +
    '}',
  level: 'info',
  timestamp: '2025-01-30 09:32:47'
}
{
  message: '{\n' +
    '    "method": "GET",\n' +
    '    "url": "/get_cars?brand=chevrolet",\n' +
    '    "status": 200,\n' +
    '    "duration": "252ms",\n' +
    '    "requestBody": {},\n' +
    '    "responseHeaders": {\n' +
    '        "x-powered-by": "Express",\n' +
    '        "access-control-allow-origin": "*",\n' +
    '        "content-type": "application/json; charset=utf-8",\n' +
    '        "content-length": "1698",\n' +
    '        "etag": "W/\\"6a2-MRdtQx2PfZFVQ71SoFd68eAYmFs\\""\n' +
    '    }\n' +
    '}',
  level: 'info',
  timestamp: '2025-01-30 09:33:22'
}
{
  message: '{\n' +
    '    "method": "GET",\n' +
    '    "url": "/get_cars?brand=chevrolet",\n' +
    '    "status": 200,\n' +
    '    "duration": "1382ms",\n' +
    '    "requestBody": {},\n' +
    '    "responseHeaders": {\n' +
    '        "x-powered-by": "Express",\n' +
    '        "access-control-allow-origin": "*",\n' +
    '        "content-type": "application/json; charset=utf-8",\n' +
    '        "content-length": "1698",\n' +
    '        "etag": "W/\\"6a2-MRdtQx2PfZFVQ71SoFd68eAYmFs\\""\n' +
    '    }\n' +
    '}',
  level: 'info',
  timestamp: '2025-01-30 09:35:27'
}
{
  message: '{\n' +
    '    "method": "POST",\n' +
    '    "url": "/upload/6797243cbd43fc93092b892f",\n' +
    '    "status": 201,\n' +
    '    "duration": "325ms",\n' +
    '    "requestBody": {},\n' +
    '    "responseHeaders": {\n' +
    '        "x-powered-by": "Express",\n' +
    '        "access-control-allow-origin": "*",\n' +
    '        "content-type": "application/json; charset=utf-8",\n' +
    '        "content-length": "207",\n' +
    '        "etag": "W/\\"cf-uQq7i11ID57lf+EZMc8N7zjiURo\\""\n' +
    '    }\n' +
    '}',
  level: 'info',
  timestamp: '2025-01-30 09:35:35'
}
{
  message: '{\n' +
    '    "method": "GET",\n' +
    '    "url": "/1738211735296.png",\n' +
    '    "status": 200,\n' +
    '    "duration": "6ms",\n' +
    '    "requestBody": {},\n' +
    '    "responseHeaders": {\n' +
    '        "x-powered-by": "Express",\n' +
    '        "access-control-allow-origin": "*",\n' +
    '        "accept-ranges": "bytes",\n' +
    '        "cache-control": "public, max-age=0",\n' +
    '        "last-modified": "Thu, 30 Jan 2025 04:35:35 GMT",\n' +
    '        "etag": "W/\\"1ba2c-194b57e3701\\"",\n' +
    '        "content-type": "image/png",\n' +
    '        "content-length": 113196\n' +
    '    }\n' +
    '}',
  level: 'info',
  timestamp: '2025-01-30 09:35:38'
}
{
  message: '{\n' +
    '    "method": "GET",\n' +
    '    "url": "/favicon.ico",\n' +
    '    "status": 404,\n' +
    '    "duration": "2ms",\n' +
    '    "requestBody": {},\n' +
    '    "responseHeaders": {\n' +
    '        "x-powered-by": "Express",\n' +
    '        "access-control-allow-origin": "*",\n' +
    `        "content-security-policy": "default-src 'none'",\n` +
    '        "x-content-type-options": "nosniff",\n' +
    '        "content-type": "text/html; charset=utf-8",\n' +
    '        "content-length": 150\n' +
    '    }\n' +
    '}',
  level: 'info',
  timestamp: '2025-01-30 09:35:38'
}
{
  message: '{\n' +
    '    "method": "GET",\n' +
    '    "url": "/1738211735297.png",\n' +
    '    "status": 200,\n' +
    '    "duration": "2ms",\n' +
    '    "requestBody": {},\n' +
    '    "responseHeaders": {\n' +
    '        "x-powered-by": "Express",\n' +
    '        "access-control-allow-origin": "*",\n' +
    '        "accept-ranges": "bytes",\n' +
    '        "cache-control": "public, max-age=0",\n' +
    '        "last-modified": "Thu, 30 Jan 2025 04:35:35 GMT",\n' +
    '        "etag": "W/\\"1ba2c-194b57e3702\\"",\n' +
    '        "content-type": "image/png",\n' +
    '        "content-length": 113196\n' +
    '    }\n' +
    '}',
  level: 'info',
  timestamp: '2025-01-30 09:35:47'
}
{
  message: '{\n' +
    '    "method": "GET",\n' +
    '    "url": "/favicon.ico",\n' +
    '    "status": 404,\n' +
    '    "duration": "1ms",\n' +
    '    "requestBody": {},\n' +
    '    "responseHeaders": {\n' +
    '        "x-powered-by": "Express",\n' +
    '        "access-control-allow-origin": "*",\n' +
    `        "content-security-policy": "default-src 'none'",\n` +
    '        "x-content-type-options": "nosniff",\n' +
    '        "content-type": "text/html; charset=utf-8",\n' +
    '        "content-length": 150\n' +
    '    }\n' +
    '}',
  level: 'info',
  timestamp: '2025-01-30 09:35:47'
}
{
  message: '{\n' +
    '    "method": "POST",\n' +
    '    "url": "/upload/6797243cbd43fc93092b892f",\n' +
    '    "status": 401,\n' +
    '    "duration": "7ms",\n' +
    '    "requestBody": {},\n' +
    '    "responseHeaders": {\n' +
    '        "x-powered-by": "Express",\n' +
    '        "access-control-allow-origin": "*",\n' +
    '        "content-type": "application/json; charset=utf-8",\n' +
    '        "content-length": "27",\n' +
    '        "etag": "W/\\"1b-ptDm3ggC53pgcLgMnSH4sPfBUYY\\""\n' +
    '    }\n' +
    '}',
  level: 'info',
  timestamp: '2025-01-30 10:10:14'
}
{
  message: 'shuhratkarimov.dev@gmail.com email egasi login qilishga urindi!',
  level: 'info',
  timestamp: '2025-01-30 10:10:19'
}
{
  message: 'shuhrat tizimga kirdi!',
  level: 'info',
  timestamp: '2025-01-30 10:10:20'
}
{
  message: '{\n' +
    '    "method": "POST",\n' +
    '    "url": "/login",\n' +
    '    "status": 200,\n' +
    '    "duration": "765ms",\n' +
    '    "requestBody": {\n' +
    '        "email": "shuhratkarimov.dev@gmail.com",\n' +
    '        "password": "1111"\n' +
    '    },\n' +
    '    "responseHeaders": {\n' +
    '        "x-powered-by": "Express",\n' +
    '        "access-control-allow-origin": "*",\n' +
    '        "set-cookie": [\n' +
    '            "accesstoken=eyJhbGciOiJIUzI1NiIsInR5cCI6IkpXVCJ9.eyJ1c2VybmFtZSI6InNodWhyYXQiLCJlbWFpbCI6InNodWhyYXRrYXJpbW92LmRldkBnbWFpbC5jb20iLCJyb2xlIjoic3VwZXJhZG1pbiIsImlhdCI6MTczODIxMzgyMCwiZXhwIjoxNzM4MjE0NzIwfQ.8neoR5qI-cnCaD90uY1i8WNo4kYrBQbUQxISxQ_7uh0; Max-Age=900; Path=/; Expires=Thu, 30 Jan 2025 05:25:20 GMT; HttpOnly",\n' +
    '            "refreshtoken=eyJhbGciOiJIUzI1NiIsInR5cCI6IkpXVCJ9.eyJ1c2VybmFtZSI6InNodWhyYXQiLCJlbWFpbCI6InNodWhyYXRrYXJpbW92LmRldkBnbWFpbC5jb20iLCJyb2xlIjoic3VwZXJhZG1pbiIsImlhdCI6MTczODIxMzgyMCwiZXhwIjoxNzM4ODE4NjIwfQ.lqaV5IeJzhw6OPOPF5N86JcChXle_Am6YPzG2seINT8; Max-Age=604800; Path=/; Expires=Thu, 06 Feb 2025 05:10:20 GMT; HttpOnly"\n' +
    '        ],\n' +
    '        "content-type": "application/json; charset=utf-8",\n' +
    '        "content-length": "61",\n' +
    '        "etag": "W/\\"3d-zzZYoy/f/2rDKMTNKzSjvMrDORk\\""\n' +
    '    }\n' +
    '}',
  level: 'info',
  timestamp: '2025-01-30 10:10:20'
}
{
  message: '{\n' +
    '    "method": "POST",\n' +
    '    "url": "/upload/6797245ebd43fc93092b8935",\n' +
    '    "status": 404,\n' +
    '    "duration": "9ms",\n' +
    '    "requestBody": {},\n' +
    '    "responseHeaders": {\n' +
    '        "x-powered-by": "Express",\n' +
    '        "access-control-allow-origin": "*",\n' +
    '        "content-type": "application/json; charset=utf-8",\n' +
    '        "content-length": "33",\n' +
    '        "etag": "W/\\"21-GhoqfodZNWTf3Ab1xMtne4eN5o4\\""\n' +
    '    }\n' +
    '}',
  level: 'info',
  timestamp: '2025-01-30 10:10:52'
}
{
  message: '{\n' +
    '    "method": "POST",\n' +
    '    "url": "/upload/6797245ebd43fc93092b8935",\n' +
    '    "status": 500,\n' +
    '    "duration": "19ms",\n' +
    '    "requestBody": {},\n' +
    '    "responseHeaders": {\n' +
    '        "x-powered-by": "Express",\n' +
    '        "access-control-allow-origin": "*",\n' +
    '        "content-type": "application/json; charset=utf-8",\n' +
    '        "content-length": "29",\n' +
    '        "etag": "W/\\"1d-ICSCRBO2Orf4nlrrosLIYK9a0YA\\""\n' +
    '    }\n' +
    '}',
  level: 'info',
  timestamp: '2025-01-30 10:11:32'
}
{
  message: '{\n' +
    '    "method": "POST",\n' +
    '    "url": "/upload/6797245ebd43fc93092b8935",\n' +
    '    "status": 500,\n' +
    '    "duration": "17ms",\n' +
    '    "requestBody": {},\n' +
    '    "responseHeaders": {\n' +
    '        "x-powered-by": "Express",\n' +
    '        "access-control-allow-origin": "*",\n' +
    '        "content-type": "application/json; charset=utf-8",\n' +
    '        "content-length": "83",\n' +
    '        "etag": "W/\\"53-djLzjVf+xqu7ZV6fNTcjQJw4MQU\\""\n' +
    '    }\n' +
    '}',
  level: 'info',
  timestamp: '2025-01-30 10:11:58'
}
{
  message: '{\n' +
    '    "method": "POST",\n' +
    '    "url": "/upload/6797245ebd43fc93092b8935",\n' +
    '    "status": 500,\n' +
    '    "duration": "16ms",\n' +
    '    "requestBody": {},\n' +
    '    "responseHeaders": {\n' +
    '        "x-powered-by": "Express",\n' +
    '        "access-control-allow-origin": "*",\n' +
    '        "content-type": "application/json; charset=utf-8",\n' +
    '        "content-length": "96",\n' +
    '        "etag": "W/\\"60-SpamHO7oBgpiFP7ey4dmbmlh5hA\\""\n' +
    '    }\n' +
    '}',
  level: 'info',
  timestamp: '2025-01-30 10:12:10'
}
{
  message: '{\n' +
    '    "method": "POST",\n' +
    '    "url": "/upload/6797245ebd43fc93092b8935",\n' +
    '    "status": 500,\n' +
    '    "duration": "18ms",\n' +
    '    "requestBody": {},\n' +
    '    "responseHeaders": {\n' +
    '        "x-powered-by": "Express",\n' +
    '        "access-control-allow-origin": "*",\n' +
    '        "content-type": "application/json; charset=utf-8",\n' +
    '        "content-length": "96",\n' +
    '        "etag": "W/\\"60-SpamHO7oBgpiFP7ey4dmbmlh5hA\\""\n' +
    '    }\n' +
    '}',
  level: 'info',
  timestamp: '2025-01-30 10:12:37'
}
{
  message: '{\n' +
    '    "method": "POST",\n' +
    '    "url": "/upload/6797245ebd43fc93092b8935",\n' +
    '    "status": 500,\n' +
    '    "duration": "14ms",\n' +
    '    "requestBody": {},\n' +
    '    "responseHeaders": {\n' +
    '        "x-powered-by": "Express",\n' +
    '        "access-control-allow-origin": "*",\n' +
    '        "content-type": "application/json; charset=utf-8",\n' +
    '        "content-length": "92",\n' +
    '        "etag": "W/\\"5c-j+R4CbDH++V52tEwMjCq17BKDBM\\""\n' +
    '    }\n' +
    '}',
  level: 'info',
  timestamp: '2025-01-30 10:15:34'
}
{
  message: '{\n' +
    '    "method": "POST",\n' +
    '    "url": "/upload/6797245ebd43fc93092b8935",\n' +
    '    "status": 500,\n' +
    '    "duration": "6ms",\n' +
    '    "requestBody": {},\n' +
    '    "responseHeaders": {\n' +
    '        "x-powered-by": "Express",\n' +
    '        "access-control-allow-origin": "*",\n' +
    '        "content-type": "application/json; charset=utf-8",\n' +
    '        "content-length": "92",\n' +
    '        "etag": "W/\\"5c-j+R4CbDH++V52tEwMjCq17BKDBM\\""\n' +
    '    }\n' +
    '}',
  level: 'info',
  timestamp: '2025-01-30 10:16:44'
}
{
  message: '{\n' +
    '    "method": "POST",\n' +
    '    "url": "/upload/6797245ebd43fc93092b8935",\n' +
    '    "status": 500,\n' +
    '    "duration": "22ms",\n' +
    '    "requestBody": {},\n' +
    '    "responseHeaders": {\n' +
    '        "x-powered-by": "Express",\n' +
    '        "access-control-allow-origin": "*",\n' +
    '        "content-type": "application/json; charset=utf-8",\n' +
    '        "content-length": "92",\n' +
    '        "etag": "W/\\"5c-j+R4CbDH++V52tEwMjCq17BKDBM\\""\n' +
    '    }\n' +
    '}',
  level: 'info',
  timestamp: '2025-01-30 10:21:03'
}
{
  message: '{\n' +
    '    "method": "POST",\n' +
    '    "url": "/upload/6797245ebd43fc93092b8935",\n' +
    '    "status": 500,\n' +
    '    "duration": "6ms",\n' +
    '    "requestBody": {},\n' +
    '    "responseHeaders": {\n' +
    '        "x-powered-by": "Express",\n' +
    '        "access-control-allow-origin": "*",\n' +
    '        "content-type": "application/json; charset=utf-8",\n' +
    '        "content-length": "92",\n' +
    '        "etag": "W/\\"5c-j+R4CbDH++V52tEwMjCq17BKDBM\\""\n' +
    '    }\n' +
    '}',
  level: 'info',
  timestamp: '2025-01-30 10:21:06'
}
{
  message: '{\n' +
    '    "method": "POST",\n' +
    '    "url": "/upload/6797245ebd43fc93092b8935",\n' +
    '    "status": 500,\n' +
    '    "duration": "32ms",\n' +
    '    "requestBody": {},\n' +
    '    "responseHeaders": {\n' +
    '        "x-powered-by": "Express",\n' +
    '        "access-control-allow-origin": "*",\n' +
    '        "content-type": "application/json; charset=utf-8",\n' +
    '        "content-length": "92",\n' +
    '        "etag": "W/\\"5c-j+R4CbDH++V52tEwMjCq17BKDBM\\""\n' +
    '    }\n' +
    '}',
  level: 'info',
  timestamp: '2025-01-30 10:24:28'
}
{
  message: '{\n' +
    '    "method": "POST",\n' +
    '    "url": "/upload/6797245ebd43fc93092b8935",\n' +
    '    "status": 500,\n' +
    '    "duration": "24ms",\n' +
    '    "requestBody": {},\n' +
    '    "responseHeaders": {\n' +
    '        "x-powered-by": "Express",\n' +
    '        "access-control-allow-origin": "*",\n' +
    '        "content-type": "application/json; charset=utf-8",\n' +
    '        "content-length": "92",\n' +
    '        "etag": "W/\\"5c-j+R4CbDH++V52tEwMjCq17BKDBM\\""\n' +
    '    }\n' +
    '}',
  level: 'info',
  timestamp: '2025-01-30 10:24:41'
}
{
  message: '{\n' +
    '    "method": "POST",\n' +
    '    "url": "/upload/6797245ebd43fc93092b8935",\n' +
    '    "status": 500,\n' +
    '    "duration": "27ms",\n' +
    '    "requestBody": {},\n' +
    '    "responseHeaders": {\n' +
    '        "x-powered-by": "Express",\n' +
    '        "access-control-allow-origin": "*",\n' +
    '        "content-type": "application/json; charset=utf-8",\n' +
    '        "content-length": "92",\n' +
    '        "etag": "W/\\"5c-j+R4CbDH++V52tEwMjCq17BKDBM\\""\n' +
    '    }\n' +
    '}',
  level: 'info',
  timestamp: '2025-01-30 10:24:49'
}
{
  message: '{\n' +
    '    "method": "POST",\n' +
    '    "url": "/upload/6797245ebd43fc93092b8935",\n' +
    '    "status": 401,\n' +
    '    "duration": "5ms",\n' +
    '    "requestBody": {},\n' +
    '    "responseHeaders": {\n' +
    '        "x-powered-by": "Express",\n' +
    '        "access-control-allow-origin": "*",\n' +
    '        "content-type": "application/json; charset=utf-8",\n' +
    '        "content-length": "27",\n' +
    '        "etag": "W/\\"1b-ptDm3ggC53pgcLgMnSH4sPfBUYY\\""\n' +
    '    }\n' +
    '}',
  level: 'info',
  timestamp: '2025-01-30 10:27:16'
}
{
  message: 'shuhratkarimov.dev@gmail.com email egasi login qilishga urindi!',
  level: 'info',
  timestamp: '2025-01-30 10:27:20'
}
{
  message: 'shuhrat tizimga kirdi!',
  level: 'info',
  timestamp: '2025-01-30 10:27:20'
}
{
  message: '{\n' +
    '    "method": "POST",\n' +
    '    "url": "/login",\n' +
    '    "status": 200,\n' +
    '    "duration": "764ms",\n' +
    '    "requestBody": {\n' +
    '        "email": "shuhratkarimov.dev@gmail.com",\n' +
    '        "password": "1111"\n' +
    '    },\n' +
    '    "responseHeaders": {\n' +
    '        "x-powered-by": "Express",\n' +
    '        "access-control-allow-origin": "*",\n' +
    '        "set-cookie": [\n' +
    '            "accesstoken=eyJhbGciOiJIUzI1NiIsInR5cCI6IkpXVCJ9.eyJ1c2VybmFtZSI6InNodWhyYXQiLCJlbWFpbCI6InNodWhyYXRrYXJpbW92LmRldkBnbWFpbC5jb20iLCJyb2xlIjoic3VwZXJhZG1pbiIsImlhdCI6MTczODIxNDg0MCwiZXhwIjoxNzM4MjE1NzQwfQ.deG5_e9oenndozzCs1fJwt_B_gOK2XrKd35pPyVfV5Y; Max-Age=900; Path=/; Expires=Thu, 30 Jan 2025 05:42:20 GMT; HttpOnly",\n' +
    '            "refreshtoken=eyJhbGciOiJIUzI1NiIsInR5cCI6IkpXVCJ9.eyJ1c2VybmFtZSI6InNodWhyYXQiLCJlbWFpbCI6InNodWhyYXRrYXJpbW92LmRldkBnbWFpbC5jb20iLCJyb2xlIjoic3VwZXJhZG1pbiIsImlhdCI6MTczODIxNDg0MCwiZXhwIjoxNzM4ODE5NjQwfQ.6nidl4AsiGhvmnGjIA3v4K4sDOXpo1XwWwZflwjaUQY; Max-Age=604800; Path=/; Expires=Thu, 06 Feb 2025 05:27:20 GMT; HttpOnly"\n' +
    '        ],\n' +
    '        "content-type": "application/json; charset=utf-8",\n' +
    '        "content-length": "61",\n' +
    '        "etag": "W/\\"3d-zzZYoy/f/2rDKMTNKzSjvMrDORk\\""\n' +
    '    }\n' +
    '}',
  level: 'info',
  timestamp: '2025-01-30 10:27:20'
}
{
  message: '{\n' +
    '    "method": "POST",\n' +
    '    "url": "/upload/6797245ebd43fc93092b8935",\n' +
    '    "status": 500,\n' +
    '    "duration": "11ms",\n' +
    '    "requestBody": {},\n' +
    '    "responseHeaders": {\n' +
    '        "x-powered-by": "Express",\n' +
    '        "access-control-allow-origin": "*",\n' +
    '        "content-type": "application/json; charset=utf-8",\n' +
    '        "content-length": "92",\n' +
    '        "etag": "W/\\"5c-j+R4CbDH++V52tEwMjCq17BKDBM\\""\n' +
    '    }\n' +
    '}',
  level: 'info',
  timestamp: '2025-01-30 10:27:22'
}
{
  message: '{\n' +
    '    "method": "POST",\n' +
    '    "url": "/upload/6797245ebd43fc93092b8935",\n' +
    '    "status": 401,\n' +
    '    "duration": "6ms",\n' +
    '    "requestBody": {},\n' +
    '    "responseHeaders": {\n' +
    '        "x-powered-by": "Express",\n' +
    '        "access-control-allow-origin": "*",\n' +
    '        "content-type": "application/json; charset=utf-8",\n' +
    '        "content-length": "27",\n' +
    '        "etag": "W/\\"1b-ptDm3ggC53pgcLgMnSH4sPfBUYY\\""\n' +
    '    }\n' +
    '}',
  level: 'info',
  timestamp: '2025-01-30 10:42:34'
}
{
  message: 'shuhratkarimov.dev@gmail.com email egasi login qilishga urindi!',
  level: 'info',
  timestamp: '2025-01-30 10:42:37'
}
{
  message: 'shuhrat tizimga kirdi!',
  level: 'info',
  timestamp: '2025-01-30 10:42:38'
}
{
  message: '{\n' +
    '    "method": "POST",\n' +
    '    "url": "/login",\n' +
    '    "status": 200,\n' +
    '    "duration": "678ms",\n' +
    '    "requestBody": {\n' +
    '        "email": "shuhratkarimov.dev@gmail.com",\n' +
    '        "password": "1111"\n' +
    '    },\n' +
    '    "responseHeaders": {\n' +
    '        "x-powered-by": "Express",\n' +
    '        "access-control-allow-origin": "*",\n' +
    '        "set-cookie": [\n' +
    '            "accesstoken=eyJhbGciOiJIUzI1NiIsInR5cCI6IkpXVCJ9.eyJ1c2VybmFtZSI6InNodWhyYXQiLCJlbWFpbCI6InNodWhyYXRrYXJpbW92LmRldkBnbWFpbC5jb20iLCJyb2xlIjoic3VwZXJhZG1pbiIsImlhdCI6MTczODIxNTc1OCwiZXhwIjoxNzM4MjE2NjU4fQ.OA_NWpF82uF1F_hoIY_eFmBX_Vkb1W6PZ8E4Sko0QOU; Max-Age=900; Path=/; Expires=Thu, 30 Jan 2025 05:57:38 GMT; HttpOnly",\n' +
    '            "refreshtoken=eyJhbGciOiJIUzI1NiIsInR5cCI6IkpXVCJ9.eyJ1c2VybmFtZSI6InNodWhyYXQiLCJlbWFpbCI6InNodWhyYXRrYXJpbW92LmRldkBnbWFpbC5jb20iLCJyb2xlIjoic3VwZXJhZG1pbiIsImlhdCI6MTczODIxNTc1OCwiZXhwIjoxNzM4ODIwNTU4fQ.Nxhitp0StvB4Fmbd9vYO650go2I2eCqRSKNT_MnpFYQ; Max-Age=604800; Path=/; Expires=Thu, 06 Feb 2025 05:42:38 GMT; HttpOnly"\n' +
    '        ],\n' +
    '        "content-type": "application/json; charset=utf-8",\n' +
    '        "content-length": "61",\n' +
    '        "etag": "W/\\"3d-zzZYoy/f/2rDKMTNKzSjvMrDORk\\""\n' +
    '    }\n' +
    '}',
  level: 'info',
  timestamp: '2025-01-30 10:42:38'
}
{
  message: '{\n' +
    '    "method": "POST",\n' +
    '    "url": "/upload/6797245ebd43fc93092b8935",\n' +
    '    "status": 500,\n' +
    '    "duration": "21ms",\n' +
    '    "requestBody": {},\n' +
    '    "responseHeaders": {\n' +
    '        "x-powered-by": "Express",\n' +
    '        "access-control-allow-origin": "*",\n' +
    '        "content-type": "application/json; charset=utf-8",\n' +
    '        "content-length": "77",\n' +
    '        "etag": "W/\\"4d-D8FGY94cQLoFQeXXVAPaRUBUkZg\\""\n' +
    '    }\n' +
    '}',
  level: 'info',
  timestamp: '2025-01-30 10:42:41'
}
{
  message: '{\n' +
    '    "method": "POST",\n' +
    '    "url": "/upload/6797245ebd43fc93092b8935",\n' +
    '    "status": 500,\n' +
    '    "duration": "1749ms",\n' +
    '    "requestBody": {},\n' +
    '    "responseHeaders": {\n' +
    '        "x-powered-by": "Express",\n' +
    '        "access-control-allow-origin": "*",\n' +
    '        "content-type": "application/json; charset=utf-8",\n' +
    '        "content-length": "75",\n' +
    '        "etag": "W/\\"4b-Lpm9kaGwusM46aRwJa5k2Zg9lfk\\""\n' +
    '    }\n' +
    '}',
  level: 'info',
  timestamp: '2025-01-30 10:43:37'
}
{
  message: '{\n' +
    '    "method": "POST",\n' +
    '    "url": "/upload/6797245ebd43fc93092b8935",\n' +
    '    "status": 500,\n' +
    '    "duration": "20ms",\n' +
    '    "requestBody": {},\n' +
    '    "responseHeaders": {\n' +
    '        "x-powered-by": "Express",\n' +
    '        "access-control-allow-origin": "*",\n' +
    '        "content-type": "application/json; charset=utf-8",\n' +
    '        "content-length": "72",\n' +
    '        "etag": "W/\\"48-Qajn73Bdizqn1jkqIBv/FF9BSHg\\""\n' +
    '    }\n' +
    '}',
  level: 'info',
  timestamp: '2025-01-30 10:46:02'
}
{
  message: '{\n' +
    '    "method": "POST",\n' +
    '    "url": "/upload/6797245ebd43fc93092b8935",\n' +
    '    "status": 500,\n' +
    '    "duration": "14ms",\n' +
    '    "requestBody": {},\n' +
    '    "responseHeaders": {\n' +
    '        "x-powered-by": "Express",\n' +
    '        "access-control-allow-origin": "*",\n' +
    '        "content-type": "application/json; charset=utf-8",\n' +
    '        "content-length": "77",\n' +
    '        "etag": "W/\\"4d-D8FGY94cQLoFQeXXVAPaRUBUkZg\\""\n' +
    '    }\n' +
    '}',
  level: 'info',
  timestamp: '2025-01-30 10:46:26'
}
{
  message: '{\n' +
    '    "method": "POST",\n' +
    '    "url": "/upload/6797245ebd43fc93092b8935",\n' +
    '    "status": 500,\n' +
    '    "duration": "1397ms",\n' +
    '    "requestBody": {},\n' +
    '    "responseHeaders": {\n' +
    '        "x-powered-by": "Express",\n' +
    '        "access-control-allow-origin": "*",\n' +
    '        "content-type": "application/json; charset=utf-8",\n' +
    '        "content-length": "75",\n' +
    '        "etag": "W/\\"4b-Lpm9kaGwusM46aRwJa5k2Zg9lfk\\""\n' +
    '    }\n' +
    '}',
  level: 'info',
  timestamp: '2025-01-30 10:49:26'
}
{
  message: '{\n' +
    '    "method": "POST",\n' +
    '    "url": "/upload/6797245ebd43fc93092b8935",\n' +
    '    "status": 500,\n' +
    '    "duration": "1300ms",\n' +
    '    "requestBody": {},\n' +
    '    "responseHeaders": {\n' +
    '        "x-powered-by": "Express",\n' +
    '        "access-control-allow-origin": "*",\n' +
    '        "content-type": "application/json; charset=utf-8",\n' +
    '        "content-length": "75",\n' +
    '        "etag": "W/\\"4b-Lpm9kaGwusM46aRwJa5k2Zg9lfk\\""\n' +
    '    }\n' +
    '}',
  level: 'info',
  timestamp: '2025-01-30 10:55:51'
}
{
  message: '{\n' +
    '    "method": "POST",\n' +
    '    "url": "/upload/6797245ebd43fc93092b8935",\n' +
    '    "status": 401,\n' +
    '    "duration": "2ms",\n' +
    '    "requestBody": {},\n' +
    '    "responseHeaders": {\n' +
    '        "x-powered-by": "Express",\n' +
    '        "access-control-allow-origin": "*",\n' +
    '        "content-type": "application/json; charset=utf-8",\n' +
    '        "content-length": "27",\n' +
    '        "etag": "W/\\"1b-ptDm3ggC53pgcLgMnSH4sPfBUYY\\""\n' +
    '    }\n' +
    '}',
  level: 'info',
  timestamp: '2025-01-30 11:04:20'
}
{
  message: 'shuhratkarimov.dev@gmail.com email egasi login qilishga urindi!',
  level: 'info',
  timestamp: '2025-01-30 11:04:23'
}
{
  message: 'shuhrat tizimga kirdi!',
  level: 'info',
  timestamp: '2025-01-30 11:04:24'
}
{
  message: '{\n' +
    '    "method": "POST",\n' +
    '    "url": "/login",\n' +
    '    "status": 200,\n' +
    '    "duration": "713ms",\n' +
    '    "requestBody": {\n' +
    '        "email": "shuhratkarimov.dev@gmail.com",\n' +
    '        "password": "1111"\n' +
    '    },\n' +
    '    "responseHeaders": {\n' +
    '        "x-powered-by": "Express",\n' +
    '        "access-control-allow-origin": "*",\n' +
    '        "set-cookie": [\n' +
    '            "accesstoken=eyJhbGciOiJIUzI1NiIsInR5cCI6IkpXVCJ9.eyJ1c2VybmFtZSI6InNodWhyYXQiLCJlbWFpbCI6InNodWhyYXRrYXJpbW92LmRldkBnbWFpbC5jb20iLCJyb2xlIjoic3VwZXJhZG1pbiIsImlhdCI6MTczODIxNzA2NCwiZXhwIjoxNzM4MjE3OTY0fQ.eLPai9X7pUIxgNlEzntu6f8LL_S_7kUfgiJmx4rmAlo; Max-Age=900; Path=/; Expires=Thu, 30 Jan 2025 06:19:24 GMT; HttpOnly",\n' +
    '            "refreshtoken=eyJhbGciOiJIUzI1NiIsInR5cCI6IkpXVCJ9.eyJ1c2VybmFtZSI6InNodWhyYXQiLCJlbWFpbCI6InNodWhyYXRrYXJpbW92LmRldkBnbWFpbC5jb20iLCJyb2xlIjoic3VwZXJhZG1pbiIsImlhdCI6MTczODIxNzA2NCwiZXhwIjoxNzM4ODIxODY0fQ.BCbmYm5x8PLfgluFA6bv6mhsgfnp6aEfFIPxWSip_lg; Max-Age=604800; Path=/; Expires=Thu, 06 Feb 2025 06:04:24 GMT; HttpOnly"\n' +
    '        ],\n' +
    '        "content-type": "application/json; charset=utf-8",\n' +
    '        "content-length": "61",\n' +
    '        "etag": "W/\\"3d-zzZYoy/f/2rDKMTNKzSjvMrDORk\\""\n' +
    '    }\n' +
    '}',
  level: 'info',
  timestamp: '2025-01-30 11:04:24'
}
{
  message: '{\n' +
    '    "method": "POST",\n' +
    '    "url": "/upload/6797245ebd43fc93092b8935",\n' +
    '    "status": 500,\n' +
    '    "duration": "1235ms",\n' +
    '    "requestBody": {},\n' +
    '    "responseHeaders": {\n' +
    '        "x-powered-by": "Express",\n' +
    '        "access-control-allow-origin": "*",\n' +
    '        "content-type": "application/json; charset=utf-8",\n' +
    '        "content-length": "75",\n' +
    '        "etag": "W/\\"4b-Lpm9kaGwusM46aRwJa5k2Zg9lfk\\""\n' +
    '    }\n' +
    '}',
  level: 'info',
  timestamp: '2025-01-30 11:04:28'
}
{
  message: '{\n' +
    '    "method": "POST",\n' +
    '    "url": "/upload/6797245ebd43fc93092b8935",\n' +
    '    "status": 500,\n' +
    '    "duration": "978ms",\n' +
    '    "requestBody": {},\n' +
    '    "responseHeaders": {\n' +
    '        "x-powered-by": "Express",\n' +
    '        "access-control-allow-origin": "*",\n' +
    '        "content-type": "application/json; charset=utf-8",\n' +
    '        "content-length": "75",\n' +
    '        "etag": "W/\\"4b-Lpm9kaGwusM46aRwJa5k2Zg9lfk\\""\n' +
    '    }\n' +
    '}',
  level: 'info',
  timestamp: '2025-01-30 11:05:59'
}
{
  message: '{\n' +
    '    "method": "POST",\n' +
    '    "url": "/upload/6797245ebd43fc93092b8935",\n' +
    '    "status": 500,\n' +
    '    "duration": "1094ms",\n' +
    '    "requestBody": {},\n' +
    '    "responseHeaders": {\n' +
    '        "x-powered-by": "Express",\n' +
    '        "access-control-allow-origin": "*",\n' +
    '        "content-type": "application/json; charset=utf-8",\n' +
    '        "content-length": "75",\n' +
    '        "etag": "W/\\"4b-Lpm9kaGwusM46aRwJa5k2Zg9lfk\\""\n' +
    '    }\n' +
    '}',
  level: 'info',
  timestamp: '2025-01-30 11:07:26'
}
{
  message: '{\n' +
    '    "method": "POST",\n' +
    '    "url": "/upload",\n' +
    '    "status": 404,\n' +
    '    "duration": "2ms",\n' +
    '    "requestBody": {},\n' +
    '    "responseHeaders": {\n' +
    '        "x-powered-by": "Express",\n' +
    '        "access-control-allow-origin": "*",\n' +
    `        "content-security-policy": "default-src 'none'",\n` +
    '        "x-content-type-options": "nosniff",\n' +
    '        "content-type": "text/html; charset=utf-8",\n' +
    '        "content-length": 146\n' +
    '    }\n' +
    '}',
  level: 'info',
  timestamp: '2025-01-30 11:08:41'
}
{
  message: '{\n' +
    '    "method": "POST",\n' +
    '    "url": "/upload/6797245ebd43fc93092b8935",\n' +
    '    "status": 500,\n' +
    '    "duration": "4ms",\n' +
    '    "requestBody": {},\n' +
    '    "responseHeaders": {\n' +
    '        "x-powered-by": "Express",\n' +
    '        "access-control-allow-origin": "*",\n' +
    '        "content-type": "application/json; charset=utf-8",\n' +
    '        "content-length": "56",\n' +
    '        "etag": "W/\\"38-vz6XDcbFV2Van+3wZZLAFVVFVkY\\""\n' +
    '    }\n' +
    '}',
  level: 'info',
  timestamp: '2025-01-30 11:15:16'
}
{
  message: '{\n' +
    '    "method": "POST",\n' +
    '    "url": "/upload/6797245ebd43fc93092b8935",\n' +
    '    "status": 500,\n' +
    '    "duration": "1065ms",\n' +
    '    "requestBody": {},\n' +
    '    "responseHeaders": {\n' +
    '        "x-powered-by": "Express",\n' +
    '        "access-control-allow-origin": "*",\n' +
    '        "content-type": "application/json; charset=utf-8",\n' +
    '        "content-length": "75",\n' +
    '        "etag": "W/\\"4b-Lpm9kaGwusM46aRwJa5k2Zg9lfk\\""\n' +
    '    }\n' +
    '}',
  level: 'info',
  timestamp: '2025-01-30 11:15:35'
}
{
  message: '{\n' +
    '    "method": "POST",\n' +
    '    "url": "/upload/6797245ebd43fc93092b8935",\n' +
    '    "status": 401,\n' +
    '    "duration": "6ms",\n' +
    '    "requestBody": {},\n' +
    '    "responseHeaders": {\n' +
    '        "x-powered-by": "Express",\n' +
    '        "access-control-allow-origin": "*",\n' +
    '        "content-type": "application/json; charset=utf-8",\n' +
    '        "content-length": "27",\n' +
    '        "etag": "W/\\"1b-ptDm3ggC53pgcLgMnSH4sPfBUYY\\""\n' +
    '    }\n' +
    '}',
  level: 'info',
  timestamp: '2025-01-30 11:21:47'
}
{
  message: 'shuhratkarimov.dev@gmail.com email egasi login qilishga urindi!',
  level: 'info',
  timestamp: '2025-01-30 11:21:50'
}
{
  message: 'shuhrat tizimga kirdi!',
  level: 'info',
  timestamp: '2025-01-30 11:21:51'
}
{
  message: '{\n' +
    '    "method": "POST",\n' +
    '    "url": "/login",\n' +
    '    "status": 200,\n' +
    '    "duration": "731ms",\n' +
    '    "requestBody": {\n' +
    '        "email": "shuhratkarimov.dev@gmail.com",\n' +
    '        "password": "1111"\n' +
    '    },\n' +
    '    "responseHeaders": {\n' +
    '        "x-powered-by": "Express",\n' +
    '        "access-control-allow-origin": "*",\n' +
    '        "set-cookie": [\n' +
    '            "accesstoken=eyJhbGciOiJIUzI1NiIsInR5cCI6IkpXVCJ9.eyJ1c2VybmFtZSI6InNodWhyYXQiLCJlbWFpbCI6InNodWhyYXRrYXJpbW92LmRldkBnbWFpbC5jb20iLCJyb2xlIjoic3VwZXJhZG1pbiIsImlhdCI6MTczODIxODExMSwiZXhwIjoxNzM4MjE5MDExfQ.1e1uv5tlUv5hEvcNJ-DagMzxcHCdtlJSOkW9z0S8Y9c; Max-Age=900; Path=/; Expires=Thu, 30 Jan 2025 06:36:51 GMT; HttpOnly",\n' +
    '            "refreshtoken=eyJhbGciOiJIUzI1NiIsInR5cCI6IkpXVCJ9.eyJ1c2VybmFtZSI6InNodWhyYXQiLCJlbWFpbCI6InNodWhyYXRrYXJpbW92LmRldkBnbWFpbC5jb20iLCJyb2xlIjoic3VwZXJhZG1pbiIsImlhdCI6MTczODIxODExMSwiZXhwIjoxNzM4ODIyOTExfQ.N_GYc7gnKs71vzd-Dw0igzDC4vy8enue4BpHzjYfIF4; Max-Age=604800; Path=/; Expires=Thu, 06 Feb 2025 06:21:51 GMT; HttpOnly"\n' +
    '        ],\n' +
    '        "content-type": "application/json; charset=utf-8",\n' +
    '        "content-length": "61",\n' +
    '        "etag": "W/\\"3d-zzZYoy/f/2rDKMTNKzSjvMrDORk\\""\n' +
    '    }\n' +
    '}',
  level: 'info',
  timestamp: '2025-01-30 11:21:51'
}
{
  message: '{\n' +
    '    "method": "POST",\n' +
    '    "url": "/upload/6797245ebd43fc93092b8935",\n' +
    '    "status": 500,\n' +
    '    "duration": "1166ms",\n' +
    '    "requestBody": {},\n' +
    '    "responseHeaders": {\n' +
    '        "x-powered-by": "Express",\n' +
    '        "access-control-allow-origin": "*",\n' +
    '        "content-type": "application/json; charset=utf-8",\n' +
    '        "content-length": "75",\n' +
    '        "etag": "W/\\"4b-Lpm9kaGwusM46aRwJa5k2Zg9lfk\\""\n' +
    '    }\n' +
    '}',
  level: 'info',
  timestamp: '2025-01-30 11:21:56'
}
{
  message: '{\n' +
    '    "method": "POST",\n' +
    '    "url": "/upload/6797245ebd43fc93092b8935",\n' +
    '    "status": 404,\n' +
    '    "duration": "3ms",\n' +
    '    "requestBody": {},\n' +
    '    "responseHeaders": {\n' +
    '        "x-powered-by": "Express",\n' +
    '        "access-control-allow-origin": "*",\n' +
    '        "content-type": "application/json; charset=utf-8",\n' +
    '        "content-length": "42",\n' +
    '        "etag": "W/\\"2a-5QZDSsYlAviGGnoQiQXHyRCGcw8\\""\n' +
    '    }\n' +
    '}',
  level: 'info',
  timestamp: '2025-01-30 11:22:03'
}
{
  message: '{\n' +
    '    "method": "POST",\n' +
    '    "url": "/upload/6797245ebd43fc93092b8935",\n' +
    '    "status": 500,\n' +
    '    "duration": "927ms",\n' +
    '    "requestBody": {},\n' +
    '    "responseHeaders": {\n' +
    '        "x-powered-by": "Express",\n' +
    '        "access-control-allow-origin": "*",\n' +
    '        "content-type": "application/json; charset=utf-8",\n' +
    '        "content-length": "75",\n' +
    '        "etag": "W/\\"4b-Lpm9kaGwusM46aRwJa5k2Zg9lfk\\""\n' +
    '    }\n' +
    '}',
  level: 'info',
  timestamp: '2025-01-30 11:22:17'
}
{
  message: '{\n' +
    '    "method": "POST",\n' +
    '    "url": "/upload/6797245ebd43fc93092b8935",\n' +
    '    "status": 401,\n' +
    '    "duration": "7ms",\n' +
    '    "requestBody": {},\n' +
    '    "responseHeaders": {\n' +
    '        "x-powered-by": "Express",\n' +
    '        "access-control-allow-origin": "*",\n' +
    '        "content-type": "application/json; charset=utf-8",\n' +
    '        "content-length": "27",\n' +
    '        "etag": "W/\\"1b-ptDm3ggC53pgcLgMnSH4sPfBUYY\\""\n' +
    '    }\n' +
    '}',
  level: 'info',
  timestamp: '2025-01-30 11:54:53'
}
{
  message: 'shuhratkarimov.dev@gmail.com email egasi login qilishga urindi!',
  level: 'info',
  timestamp: '2025-01-30 11:54:57'
}
{
  message: 'shuhrat tizimga kirdi!',
  level: 'info',
  timestamp: '2025-01-30 11:54:58'
}
{
  message: '{\n' +
    '    "method": "POST",\n' +
    '    "url": "/login",\n' +
    '    "status": 200,\n' +
    '    "duration": "723ms",\n' +
    '    "requestBody": {\n' +
    '        "email": "shuhratkarimov.dev@gmail.com",\n' +
    '        "password": "1111"\n' +
    '    },\n' +
    '    "responseHeaders": {\n' +
    '        "x-powered-by": "Express",\n' +
    '        "access-control-allow-origin": "*",\n' +
    '        "set-cookie": [\n' +
    '            "accesstoken=eyJhbGciOiJIUzI1NiIsInR5cCI6IkpXVCJ9.eyJ1c2VybmFtZSI6InNodWhyYXQiLCJlbWFpbCI6InNodWhyYXRrYXJpbW92LmRldkBnbWFpbC5jb20iLCJyb2xlIjoic3VwZXJhZG1pbiIsImlhdCI6MTczODIyMDA5OCwiZXhwIjoxNzM4MjIwOTk4fQ.IEdL_4MvBrphz5iZiOWg0YN28DsGazuv2wpyXjMZNuo; Max-Age=900; Path=/; Expires=Thu, 30 Jan 2025 07:09:58 GMT; HttpOnly",\n' +
    '            "refreshtoken=eyJhbGciOiJIUzI1NiIsInR5cCI6IkpXVCJ9.eyJ1c2VybmFtZSI6InNodWhyYXQiLCJlbWFpbCI6InNodWhyYXRrYXJpbW92LmRldkBnbWFpbC5jb20iLCJyb2xlIjoic3VwZXJhZG1pbiIsImlhdCI6MTczODIyMDA5OCwiZXhwIjoxNzM4ODI0ODk4fQ.kuH2UBaMjjtvlFUVhGg9HifwIhub1MmHLc-IQi2rG-o; Max-Age=604800; Path=/; Expires=Thu, 06 Feb 2025 06:54:58 GMT; HttpOnly"\n' +
    '        ],\n' +
    '        "content-type": "application/json; charset=utf-8",\n' +
    '        "content-length": "61",\n' +
    '        "etag": "W/\\"3d-zzZYoy/f/2rDKMTNKzSjvMrDORk\\""\n' +
    '    }\n' +
    '}',
  level: 'info',
  timestamp: '2025-01-30 11:54:58'
}
{
  message: '{\n' +
    '    "method": "POST",\n' +
    '    "url": "/upload/6797245ebd43fc93092b8935",\n' +
    '    "status": 500,\n' +
    '    "duration": "7ms",\n' +
    '    "requestBody": {},\n' +
    '    "responseHeaders": {\n' +
    '        "x-powered-by": "Express",\n' +
    '        "access-control-allow-origin": "*",\n' +
    '        "content-type": "application/json; charset=utf-8",\n' +
    '        "content-length": "56",\n' +
    '        "etag": "W/\\"38-vz6XDcbFV2Van+3wZZLAFVVFVkY\\""\n' +
    '    }\n' +
    '}',
  level: 'info',
  timestamp: '2025-01-30 11:55:00'
}
{
  message: '{\n' +
    '    "method": "POST",\n' +
    '    "url": "/upload/6797245ebd43fc93092b8935",\n' +
    '    "status": 404,\n' +
    '    "duration": "337ms",\n' +
    '    "requestBody": {},\n' +
    '    "responseHeaders": {\n' +
    '        "x-powered-by": "Express",\n' +
    '        "access-control-allow-origin": "*",\n' +
    '        "content-type": "application/json; charset=utf-8",\n' +
    '        "content-length": "34",\n' +
    '        "etag": "W/\\"22-rarpcyNy4W2Lzpfh7KP9KJsnqyk\\""\n' +
    '    }\n' +
    '}',
  level: 'info',
  timestamp: '2025-01-30 11:55:36'
}
{
  message: '{\n' +
    '    "method": "POST",\n' +
    '    "url": "/upload/6797245ebd43fc93092b8935",\n' +
    '    "status": 404,\n' +
    '    "duration": "346ms",\n' +
    '    "requestBody": {},\n' +
    '    "responseHeaders": {\n' +
    '        "x-powered-by": "Express",\n' +
    '        "access-control-allow-origin": "*",\n' +
    '        "content-type": "application/json; charset=utf-8",\n' +
    '        "content-length": "34",\n' +
    '        "etag": "W/\\"22-rarpcyNy4W2Lzpfh7KP9KJsnqyk\\""\n' +
    '    }\n' +
    '}',
  level: 'info',
  timestamp: '2025-01-30 11:55:52'
}
{
  message: '{\n' +
    '    "method": "POST",\n' +
    '    "url": "/upload/6797245ebd43fc93092b8935",\n' +
    '    "status": 201,\n' +
    '    "duration": "2359ms",\n' +
    '    "requestBody": {},\n' +
    '    "responseHeaders": {\n' +
    '        "x-powered-by": "Express",\n' +
    '        "access-control-allow-origin": "*",\n' +
    '        "content-type": "application/json; charset=utf-8",\n' +
    '        "content-length": "209",\n' +
    '        "etag": "W/\\"d1-3Oi4iMojouf5kPdLC8nBEizf6OE\\""\n' +
    '    }\n' +
    '}',
  level: 'info',
  timestamp: '2025-01-30 11:57:15'
}
{
  message: '{\n' +
    '    "method": "GET",\n' +
    '    "url": "/uploads/1738220233195.jpeg",\n' +
    '    "status": 404,\n' +
    '    "duration": "6ms",\n' +
    '    "requestBody": {},\n' +
    '    "responseHeaders": {\n' +
    '        "x-powered-by": "Express",\n' +
    '        "access-control-allow-origin": "*",\n' +
    `        "content-security-policy": "default-src 'none'",\n` +
    '        "x-content-type-options": "nosniff",\n' +
    '        "content-type": "text/html; charset=utf-8",\n' +
    '        "content-length": 165\n' +
    '    }\n' +
    '}',
  level: 'info',
  timestamp: '2025-01-30 11:57:18'
}
{
  message: '{\n' +
    '    "method": "GET",\n' +
    '    "url": "/uploads/1738220233195.jpeg",\n' +
    '    "status": 404,\n' +
    '    "duration": "6ms",\n' +
    '    "requestBody": {},\n' +
    '    "responseHeaders": {\n' +
    '        "x-powered-by": "Express",\n' +
    '        "access-control-allow-origin": "*",\n' +
    `        "content-security-policy": "default-src 'none'",\n` +
    '        "x-content-type-options": "nosniff",\n' +
    '        "content-type": "text/html; charset=utf-8",\n' +
    '        "content-length": 165\n' +
    '    }\n' +
    '}',
  level: 'info',
  timestamp: '2025-01-30 11:57:27'
}
{
  message: '{\n' +
    '    "method": "POST",\n' +
    '    "url": "/upload/6797245ebd43fc93092b8935",\n' +
    '    "status": 201,\n' +
    '    "duration": "1862ms",\n' +
    '    "requestBody": {},\n' +
    '    "responseHeaders": {\n' +
    '        "x-powered-by": "Express",\n' +
    '        "access-control-allow-origin": "*",\n' +
    '        "content-type": "application/json; charset=utf-8",\n' +
    '        "content-length": "209",\n' +
    '        "etag": "W/\\"d1-NjMrPDL8RpFWx+VMNoV9E1zXZy4\\""\n' +
    '    }\n' +
    '}',
  level: 'info',
  timestamp: '2025-01-30 11:58:54'
}
{
  message: '{\n' +
    '    "method": "POST",\n' +
    '    "url": "/upload/6797245ebd43fc93092b8935",\n' +
    '    "status": 201,\n' +
    '    "duration": "287ms",\n' +
    '    "requestBody": {},\n' +
    '    "responseHeaders": {\n' +
    '        "x-powered-by": "Express",\n' +
    '        "access-control-allow-origin": "*",\n' +
    '        "content-type": "application/json; charset=utf-8",\n' +
    '        "content-length": "209",\n' +
    '        "etag": "W/\\"d1-AjLHPlqD1dYUNINPisHfQ0nV8o4\\""\n' +
    '    }\n' +
    '}',
  level: 'info',
  timestamp: '2025-01-30 11:58:57'
}
{
  message: '{\n' +
    '    "method": "GET",\n' +
    '    "url": "/1738220337255.jpeg",\n' +
    '    "status": 200,\n' +
    '    "duration": "18ms",\n' +
    '    "responseHeaders": {\n' +
    '        "x-powered-by": "Express",\n' +
    '        "access-control-allow-origin": "*",\n' +
    '        "accept-ranges": "bytes",\n' +
    '        "cache-control": "public, max-age=0",\n' +
    '        "last-modified": "Thu, 30 Jan 2025 06:58:57 GMT",\n' +
    '        "etag": "W/\\"3628-194b6017869\\"",\n' +
    '        "content-type": "image/jpeg",\n' +
    '        "content-length": 13864\n' +
    '    }\n' +
    '}',
  level: 'info',
  timestamp: '2025-01-30 11:59:01'
}
{
  message: '{\n' +
    '    "method": "GET",\n' +
    '    "url": "/1738220337255.jpeg",\n' +
    '    "status": 304,\n' +
    '    "duration": "2ms",\n' +
    '    "responseHeaders": {\n' +
    '        "x-powered-by": "Express",\n' +
    '        "access-control-allow-origin": "*",\n' +
    '        "accept-ranges": "bytes",\n' +
    '        "cache-control": "public, max-age=0",\n' +
    '        "last-modified": "Thu, 30 Jan 2025 06:58:57 GMT",\n' +
    '        "etag": "W/\\"3628-194b6017869\\""\n' +
    '    }\n' +
    '}',
  level: 'info',
  timestamp: '2025-01-30 11:59:06'
}
{
  message: '{\n' +
    '    "method": "GET",\n' +
    '    "url": "/get_cars?brand=chevrolet",\n' +
    '    "status": 200,\n' +
    '    "duration": "285ms",\n' +
    '    "requestBody": {},\n' +
    '    "responseHeaders": {\n' +
    '        "x-powered-by": "Express",\n' +
    '        "access-control-allow-origin": "*",\n' +
    '        "content-type": "application/json; charset=utf-8",\n' +
    '        "content-length": "1874",\n' +
    '        "etag": "W/\\"752-CAkZ4Y63jt1DpVWHcvqG+CWGqjk\\""\n' +
    '    }\n' +
    '}',
  level: 'info',
  timestamp: '2025-01-30 11:59:12'
}
{
  message: '{\n' +
    '    "method": "GET",\n' +
    '    "url": "/get_cars?brand=chevrolet",\n' +
    '    "status": 200,\n' +
    '    "duration": "356ms",\n' +
    '    "requestBody": {},\n' +
    '    "responseHeaders": {\n' +
    '        "x-powered-by": "Express",\n' +
    '        "access-control-allow-origin": "*",\n' +
    '        "content-type": "application/json; charset=utf-8",\n' +
    '        "content-length": "1874",\n' +
    '        "etag": "W/\\"752-CAkZ4Y63jt1DpVWHcvqG+CWGqjk\\""\n' +
    '    }\n' +
    '}',
  level: 'info',
  timestamp: '2025-01-30 11:59:27'
}
{
  message: '{\n' +
    '    "method": "GET",\n' +
    '    "url": "/1738220337255.jpeg",\n' +
    '    "status": 304,\n' +
    '    "duration": "1ms",\n' +
    '    "responseHeaders": {\n' +
    '        "x-powered-by": "Express",\n' +
    '        "access-control-allow-origin": "*",\n' +
    '        "accept-ranges": "bytes",\n' +
    '        "cache-control": "public, max-age=0",\n' +
    '        "last-modified": "Thu, 30 Jan 2025 06:58:57 GMT",\n' +
    '        "etag": "W/\\"3628-194b6017869\\""\n' +
    '    }\n' +
    '}',
  level: 'info',
  timestamp: '2025-01-30 11:59:37'
}
{
  message: '{\n' +
    '    "method": "GET",\n' +
    '    "url": "/get_cars?brand=ferrari",\n' +
    '    "status": 200,\n' +
    '    "duration": "3000ms",\n' +
    '    "requestBody": {},\n' +
    '    "responseHeaders": {\n' +
    '        "x-powered-by": "Express",\n' +
    '        "access-control-allow-origin": "*",\n' +
    '        "content-type": "application/json; charset=utf-8",\n' +
    '        "content-length": "1590",\n' +
    '        "etag": "W/\\"636-xIYGbETHKuOT1HoP7YAXT4P3Ag8\\""\n' +
    '    }\n' +
    '}',
  level: 'info',
  timestamp: '2025-01-30 12:43:06'
}
{
  message: '{\n' +
    '    "method": "POST",\n' +
    '    "url": "/upload/679726febd43fc93092b896d",\n' +
    '    "status": 401,\n' +
    '    "duration": "2ms",\n' +
    '    "requestBody": {},\n' +
    '    "responseHeaders": {\n' +
    '        "x-powered-by": "Express",\n' +
    '        "access-control-allow-origin": "*",\n' +
    '        "content-type": "application/json; charset=utf-8",\n' +
    '        "content-length": "27",\n' +
    '        "etag": "W/\\"1b-ptDm3ggC53pgcLgMnSH4sPfBUYY\\""\n' +
    '    }\n' +
    '}',
  level: 'info',
  timestamp: '2025-01-30 12:43:21'
}
{
  message: 'shuhratkarimov.dev@gmail.com email egasi login qilishga urindi!',
  level: 'info',
  timestamp: '2025-01-30 12:43:25'
}
{
  message: 'shuhrat tizimga kirdi!',
  level: 'info',
  timestamp: '2025-01-30 12:43:25'
}
{
  message: '{\n' +
    '    "method": "POST",\n' +
    '    "url": "/login",\n' +
    '    "status": 200,\n' +
    '    "duration": "567ms",\n' +
    '    "requestBody": {\n' +
    '        "email": "shuhratkarimov.dev@gmail.com",\n' +
    '        "password": "1111"\n' +
    '    },\n' +
    '    "responseHeaders": {\n' +
    '        "x-powered-by": "Express",\n' +
    '        "access-control-allow-origin": "*",\n' +
    '        "set-cookie": [\n' +
    '            "accesstoken=eyJhbGciOiJIUzI1NiIsInR5cCI6IkpXVCJ9.eyJ1c2VybmFtZSI6InNodWhyYXQiLCJlbWFpbCI6InNodWhyYXRrYXJpbW92LmRldkBnbWFpbC5jb20iLCJyb2xlIjoic3VwZXJhZG1pbiIsImlhdCI6MTczODIyMzAwNSwiZXhwIjoxNzM4MjIzOTA1fQ.2w046CJzTHCWWjaVJAE64vlzY_Qk2njU3FtQMoyvLxE; Max-Age=900; Path=/; Expires=Thu, 30 Jan 2025 07:58:25 GMT; HttpOnly",\n' +
    '            "refreshtoken=eyJhbGciOiJIUzI1NiIsInR5cCI6IkpXVCJ9.eyJ1c2VybmFtZSI6InNodWhyYXQiLCJlbWFpbCI6InNodWhyYXRrYXJpbW92LmRldkBnbWFpbC5jb20iLCJyb2xlIjoic3VwZXJhZG1pbiIsImlhdCI6MTczODIyMzAwNSwiZXhwIjoxNzM4ODI3ODA1fQ.q-JWEJzKO5upBeD6RIAZiPblsZ2gkK9DP9-SSEJQRXM; Max-Age=604800; Path=/; Expires=Thu, 06 Feb 2025 07:43:25 GMT; HttpOnly"\n' +
    '        ],\n' +
    '        "content-type": "application/json; charset=utf-8",\n' +
    '        "content-length": "61",\n' +
    '        "etag": "W/\\"3d-zzZYoy/f/2rDKMTNKzSjvMrDORk\\""\n' +
    '    }\n' +
    '}',
  level: 'info',
  timestamp: '2025-01-30 12:43:25'
}
{
  message: '{\n' +
    '    "method": "POST",\n' +
    '    "url": "/upload/679726febd43fc93092b896d",\n' +
    '    "status": 201,\n' +
    '    "duration": "256ms",\n' +
    '    "requestBody": {},\n' +
    '    "responseHeaders": {\n' +
    '        "x-powered-by": "Express",\n' +
    '        "access-control-allow-origin": "*",\n' +
    '        "content-type": "application/json; charset=utf-8",\n' +
    '        "content-length": "209",\n' +
    '        "etag": "W/\\"d1-iAk5ieKEl+zQz5HEKUGP2izc/48\\""\n' +
    '    }\n' +
    '}',
  level: 'info',
  timestamp: '2025-01-30 12:43:29'
}
{
  message: '{\n' +
    '    "method": "GET",\n' +
    '    "url": "/get_cars?brand=ferrari",\n' +
    '    "status": 200,\n' +
    '    "duration": "276ms",\n' +
    '    "requestBody": {},\n' +
    '    "responseHeaders": {\n' +
    '        "x-powered-by": "Express",\n' +
    '        "access-control-allow-origin": "*",\n' +
    '        "content-type": "application/json; charset=utf-8",\n' +
    '        "content-length": "1742",\n' +
    '        "etag": "W/\\"6ce-6r0mAV4moznIC7bgZx7kbhzXmUw\\""\n' +
    '    }\n' +
    '}',
  level: 'info',
  timestamp: '2025-01-30 12:43:35'
}
{
  message: '{\n' +
    '    "method": "GET",\n' +
    '    "url": "/1738223009119.jpeg",\n' +
    '    "status": 200,\n' +
    '    "duration": "8ms",\n' +
    '    "responseHeaders": {\n' +
    '        "x-powered-by": "Express",\n' +
    '        "access-control-allow-origin": "*",\n' +
    '        "accept-ranges": "bytes",\n' +
    '        "cache-control": "public, max-age=0",\n' +
    '        "last-modified": "Thu, 30 Jan 2025 07:43:29 GMT",\n' +
    '        "etag": "W/\\"3628-194b62a3d6a\\"",\n' +
    '        "content-type": "image/jpeg",\n' +
    '        "content-length": 13864\n' +
    '    }\n' +
    '}',
  level: 'info',
  timestamp: '2025-01-30 12:43:39'
}
{
  message: '{\n' +
    '    "method": "GET",\n' +
    '    "url": "/get_cars?brand=ferrari",\n' +
    '    "status": 200,\n' +
    '    "duration": "270ms",\n' +
    '    "requestBody": {},\n' +
    '    "responseHeaders": {\n' +
    '        "x-powered-by": "Express",\n' +
    '        "access-control-allow-origin": "*",\n' +
    '        "content-type": "application/json; charset=utf-8",\n' +
    '        "content-length": "1742",\n' +
    '        "etag": "W/\\"6ce-6r0mAV4moznIC7bgZx7kbhzXmUw\\""\n' +
    '    }\n' +
    '}',
  level: 'info',
  timestamp: '2025-01-30 13:12:53'
}
{
  message: '{\n' +
    '    "method": "GET",\n' +
    '    "url": "/get_users",\n' +
    '    "status": 404,\n' +
    '    "duration": "2ms",\n' +
    '    "requestBody": {},\n' +
    '    "responseHeaders": {\n' +
    '        "x-powered-by": "Express",\n' +
    '        "access-control-allow-origin": "*",\n' +
    `        "content-security-policy": "default-src 'none'",\n` +
    '        "x-content-type-options": "nosniff",\n' +
    '        "content-type": "text/html; charset=utf-8",\n' +
    '        "content-length": 148\n' +
    '    }\n' +
    '}',
  level: 'info',
  timestamp: '2025-01-30 13:13:32'
}
{
  message: '{\n' +
    '    "method": "GET",\n' +
    '    "url": "/get_users",\n' +
    '    "status": 401,\n' +
    '    "duration": "5ms",\n' +
    '    "requestBody": {},\n' +
    '    "responseHeaders": {\n' +
    '        "x-powered-by": "Express",\n' +
    '        "access-control-allow-origin": "*",\n' +
    '        "content-type": "application/json; charset=utf-8",\n' +
    '        "content-length": "27",\n' +
    '        "etag": "W/\\"1b-ptDm3ggC53pgcLgMnSH4sPfBUYY\\""\n' +
    '    }\n' +
    '}',
  level: 'info',
  timestamp: '2025-01-30 13:19:12'
}
{
  message: 'shuhratkarimov.dev@gmail.com email egasi login qilishga urindi!',
  level: 'info',
  timestamp: '2025-01-30 13:19:34'
}
{
  message: 'shuhrat tizimga kirdi!',
  level: 'info',
  timestamp: '2025-01-30 13:19:34'
}
{
  message: '{\n' +
    '    "method": "POST",\n' +
    '    "url": "/login",\n' +
    '    "status": 200,\n' +
    '    "duration": "7195ms",\n' +
    '    "requestBody": {\n' +
    '        "email": "shuhratkarimov.dev@gmail.com",\n' +
    '        "password": "1111"\n' +
    '    },\n' +
    '    "responseHeaders": {\n' +
    '        "x-powered-by": "Express",\n' +
    '        "access-control-allow-origin": "*",\n' +
    '        "set-cookie": [\n' +
    '            "accesstoken=eyJhbGciOiJIUzI1NiIsInR5cCI6IkpXVCJ9.eyJ1c2VybmFtZSI6InNodWhyYXQiLCJlbWFpbCI6InNodWhyYXRrYXJpbW92LmRldkBnbWFpbC5jb20iLCJyb2xlIjoic3VwZXJhZG1pbiIsImlhdCI6MTczODIyNTE3NCwiZXhwIjoxNzM4MjI2MDc0fQ.T-3hfFccbYnqZf4hAmw2UXz6mJXe9N_b1od9eNPFq1U; Max-Age=900; Path=/; Expires=Thu, 30 Jan 2025 08:34:34 GMT; HttpOnly",\n' +
    '            "refreshtoken=eyJhbGciOiJIUzI1NiIsInR5cCI6IkpXVCJ9.eyJ1c2VybmFtZSI6InNodWhyYXQiLCJlbWFpbCI6InNodWhyYXRrYXJpbW92LmRldkBnbWFpbC5jb20iLCJyb2xlIjoic3VwZXJhZG1pbiIsImlhdCI6MTczODIyNTE3NCwiZXhwIjoxNzM4ODI5OTc0fQ.xODxjuqcGzzmBlXcp3tI59lUuWbXoPV-b0QdwulAh5Y; Max-Age=604800; Path=/; Expires=Thu, 06 Feb 2025 08:19:34 GMT; HttpOnly"\n' +
    '        ],\n' +
    '        "content-type": "application/json; charset=utf-8",\n' +
    '        "content-length": "61",\n' +
    '        "etag": "W/\\"3d-zzZYoy/f/2rDKMTNKzSjvMrDORk\\""\n' +
    '    }\n' +
    '}',
  level: 'info',
  timestamp: '2025-01-30 13:19:34'
}
{
  message: '{\n' +
    '    "method": "GET",\n' +
    '    "url": "/get_cars?brand=ferrari",\n' +
    '    "status": 200,\n' +
    '    "duration": "17900ms",\n' +
    '    "requestBody": {},\n' +
    '    "responseHeaders": {\n' +
    '        "x-powered-by": "Express",\n' +
    '        "access-control-allow-origin": "*",\n' +
    '        "content-type": "application/json; charset=utf-8",\n' +
    '        "content-length": "1742",\n' +
    '        "etag": "W/\\"6ce-6r0mAV4moznIC7bgZx7kbhzXmUw\\""\n' +
    '    }\n' +
    '}',
  level: 'info',
  timestamp: '2025-01-30 13:19:35'
}
{
  message: '{\n' +
    '    "method": "GET",\n' +
    '    "url": "/get_users",\n' +
    '    "status": 200,\n' +
    '    "duration": "6800ms",\n' +
    '    "requestBody": {},\n' +
    '    "responseHeaders": {\n' +
    '        "x-powered-by": "Express",\n' +
    '        "access-control-allow-origin": "*",\n' +
    '        "content-type": "application/json; charset=utf-8",\n' +
    '        "content-length": "604",\n' +
    '        "etag": "W/\\"25c-tqfrVUvflFHBpExDDNT5KaxBftI\\""\n' +
    '    }\n' +
    '}',
  level: 'info',
  timestamp: '2025-01-30 13:19:46'
}
{
  message: '{\n' +
    '    "method": "POST",\n' +
    '    "url": "/like",\n' +
    '    "status": 200,\n' +
    '    "duration": "11730ms",\n' +
    '    "requestBody": {\n' +
    '        "carId": "67972809bd43fc93092b8979",\n' +
    '        "userId": "6797199b8d079f83daa3f759"\n' +
    '    },\n' +
    '    "responseHeaders": {\n' +
    '        "x-powered-by": "Express",\n' +
    '        "access-control-allow-origin": "*",\n' +
    '        "content-type": "application/json; charset=utf-8",\n' +
    '        "content-length": "39",\n' +
    '        "etag": "W/\\"27-OW67bu2xvk9HtgvwKpF3hZ12KLQ\\""\n' +
    '    }\n' +
    '}',
  level: 'info',
  timestamp: '2025-01-30 13:20:54'
}
{
  message: '{\n' +
    '    "method": "POST",\n' +
    '    "url": "/like",\n' +
    '    "status": 403,\n' +
    '    "duration": "2089ms",\n' +
    '    "requestBody": {\n' +
    '        "carId": "67972809bd43fc93092b8979",\n' +
    '        "userId": "6797199b8d079f83daa3f759"\n' +
    '    },\n' +
    '    "responseHeaders": {\n' +
    '        "x-powered-by": "Express",\n' +
    '        "access-control-allow-origin": "*",\n' +
    '        "content-type": "application/json; charset=utf-8",\n' +
    '        "content-length": "48",\n' +
    '        "etag": "W/\\"30-j7CE5IFgB57PeBd6WWhrriV432w\\""\n' +
    '    }\n' +
    '}',
  level: 'info',
  timestamp: '2025-01-30 13:28:10'
}
{
  message: '{\n' +
    '    "method": "GET",\n' +
    '    "url": "/get_one_car/67972449bd43fc93092b8932",\n' +
    '    "status": 200,\n' +
    '    "duration": "653ms",\n' +
    '    "requestBody": {},\n' +
    '    "responseHeaders": {\n' +
    '        "x-powered-by": "Express",\n' +
    '        "access-control-allow-origin": "*",\n' +
    '        "content-type": "application/json; charset=utf-8",\n' +
    '        "content-length": "261",\n' +
    '        "etag": "W/\\"105-+f7+bh2WH+oN/ZrNXZeZljT4HCQ\\""\n' +
    '    }\n' +
    '}',
  level: 'info',
  timestamp: '2025-01-30 13:39:20'
}
{
  message: '{\n' +
    '    "method": "POST",\n' +
    '    "url": "/like",\n' +
    '    "status": 401,\n' +
    '    "duration": "21ms",\n' +
    '    "requestBody": {\n' +
    '        "carId": "67972449bd43fc93092b8932",\n' +
    '        "userId": "6797199b8d079f83daa3f759"\n' +
    '    },\n' +
    '    "responseHeaders": {\n' +
    '        "x-powered-by": "Express",\n' +
    '        "access-control-allow-origin": "*",\n' +
    '        "content-type": "application/json; charset=utf-8",\n' +
    '        "content-length": "27",\n' +
    '        "etag": "W/\\"1b-ptDm3ggC53pgcLgMnSH4sPfBUYY\\""\n' +
    '    }\n' +
    '}',
  level: 'info',
  timestamp: '2025-01-30 13:39:32'
}
{
  message: 'shuhratkarimov.dev@gmail.com email egasi login qilishga urindi!',
  level: 'info',
  timestamp: '2025-01-30 13:39:35'
}
{
  message: 'shuhrat tizimga kirdi!',
  level: 'info',
  timestamp: '2025-01-30 13:39:36'
}
{
  message: '{\n' +
    '    "method": "POST",\n' +
    '    "url": "/login",\n' +
    '    "status": 200,\n' +
    '    "duration": "706ms",\n' +
    '    "requestBody": {\n' +
    '        "email": "shuhratkarimov.dev@gmail.com",\n' +
    '        "password": "1111"\n' +
    '    },\n' +
    '    "responseHeaders": {\n' +
    '        "x-powered-by": "Express",\n' +
    '        "access-control-allow-origin": "*",\n' +
    '        "set-cookie": [\n' +
    '            "accesstoken=eyJhbGciOiJIUzI1NiIsInR5cCI6IkpXVCJ9.eyJ1c2VybmFtZSI6InNodWhyYXQiLCJlbWFpbCI6InNodWhyYXRrYXJpbW92LmRldkBnbWFpbC5jb20iLCJyb2xlIjoic3VwZXJhZG1pbiIsImlhdCI6MTczODIyNjM3NiwiZXhwIjoxNzM4MjI3Mjc2fQ.jBL4YWI2f7kwJbjsukx-fEmgVfWfPMVpJqpahqdfMuY; Max-Age=900; Path=/; Expires=Thu, 30 Jan 2025 08:54:36 GMT; HttpOnly",\n' +
    '            "refreshtoken=eyJhbGciOiJIUzI1NiIsInR5cCI6IkpXVCJ9.eyJ1c2VybmFtZSI6InNodWhyYXQiLCJlbWFpbCI6InNodWhyYXRrYXJpbW92LmRldkBnbWFpbC5jb20iLCJyb2xlIjoic3VwZXJhZG1pbiIsImlhdCI6MTczODIyNjM3NiwiZXhwIjoxNzM4ODMxMTc2fQ.G91zNEZmNu0u107dim9UKCgKgYmIPeS3hLsABri0U-M; Max-Age=604800; Path=/; Expires=Thu, 06 Feb 2025 08:39:36 GMT; HttpOnly"\n' +
    '        ],\n' +
    '        "content-type": "application/json; charset=utf-8",\n' +
    '        "content-length": "61",\n' +
    '        "etag": "W/\\"3d-zzZYoy/f/2rDKMTNKzSjvMrDORk\\""\n' +
    '    }\n' +
    '}',
  level: 'info',
  timestamp: '2025-01-30 13:39:36'
}
{
  message: '{\n' +
    '    "method": "POST",\n' +
    '    "url": "/like",\n' +
    '    "status": 200,\n' +
    '    "duration": "569ms",\n' +
    '    "requestBody": {\n' +
    '        "carId": "67972449bd43fc93092b8932",\n' +
    '        "userId": "6797199b8d079f83daa3f759"\n' +
    '    },\n' +
    '    "responseHeaders": {\n' +
    '        "x-powered-by": "Express",\n' +
    '        "access-control-allow-origin": "*",\n' +
    '        "content-type": "application/json; charset=utf-8",\n' +
    '        "content-length": "39",\n' +
    '        "etag": "W/\\"27-OW67bu2xvk9HtgvwKpF3hZ12KLQ\\""\n' +
    '    }\n' +
    '}',
  level: 'info',
  timestamp: '2025-01-30 13:39:40'
}
{
  message: '{\n' +
    '    "method": "GET",\n' +
    '    "url": "/get_one_car/67972449bd43fc93092b8932",\n' +
    '    "status": 200,\n' +
    '    "duration": "679ms",\n' +
    '    "requestBody": {},\n' +
    '    "responseHeaders": {\n' +
    '        "x-powered-by": "Express",\n' +
    '        "access-control-allow-origin": "*",\n' +
    '        "content-type": "application/json; charset=utf-8",\n' +
    '        "content-length": "261",\n' +
    '        "etag": "W/\\"105-hrrAvy+ksCktcZHJ0XJJ2zqimsE\\""\n' +
    '    }\n' +
    '}',
  level: 'info',
  timestamp: '2025-01-30 13:39:44'
}
{
  message: '{\n' +
    '    "method": "GET",\n' +
    '    "url": "/get_one_car/67972449bd43fc93092b8932",\n' +
    '    "status": 200,\n' +
    '    "duration": "592ms",\n' +
    '    "requestBody": {},\n' +
    '    "responseHeaders": {\n' +
    '        "x-powered-by": "Express",\n' +
    '        "access-control-allow-origin": "*",\n' +
    '        "content-type": "application/json; charset=utf-8",\n' +
    '        "content-length": "261",\n' +
    '        "etag": "W/\\"105-hrrAvy+ksCktcZHJ0XJJ2zqimsE\\""\n' +
    '    }\n' +
    '}',
  level: 'info',
  timestamp: '2025-01-30 13:41:04'
}
{
  message: '{\n' +
    '    "method": "POST",\n' +
    '    "url": "/dislike",\n' +
    '    "status": 200,\n' +
    '    "duration": "677ms",\n' +
    '    "requestBody": {\n' +
    '        "carId": "67972449bd43fc93092b8932",\n' +
    '        "userId": "6797199b8d079f83daa3f759"\n' +
    '    },\n' +
    '    "responseHeaders": {\n' +
    '        "x-powered-by": "Express",\n' +
    '        "access-control-allow-origin": "*",\n' +
    '        "content-type": "application/json; charset=utf-8",\n' +
    '        "content-length": "42",\n' +
    '        "etag": "W/\\"2a-uo0uraCMeLvM5v2oalQwhYOh/Gs\\""\n' +
    '    }\n' +
    '}',
  level: 'info',
  timestamp: '2025-01-30 13:52:24'
}
{
  message: '{\n' +
    '    "method": "GET",\n' +
    '    "url": "/get_one_car/67972449bd43fc93092b8932",\n' +
    '    "status": 200,\n' +
    '    "duration": "815ms",\n' +
    '    "requestBody": {},\n' +
    '    "responseHeaders": {\n' +
    '        "x-powered-by": "Express",\n' +
    '        "access-control-allow-origin": "*",\n' +
    '        "content-type": "application/json; charset=utf-8",\n' +
    '        "content-length": "274",\n' +
    '        "etag": "W/\\"112-D4S39FiCc9TT/Rw6yDsnn5yzwy0\\""\n' +
    '    }\n' +
    '}',
  level: 'info',
  timestamp: '2025-01-30 13:52:31'
}
{
  message: '{\n' +
    '    "method": "POST",\n' +
    '    "url": "/dislike",\n' +
    '    "status": 403,\n' +
    '    "duration": "243ms",\n' +
    '    "requestBody": {\n' +
    '        "carId": "67972449bd43fc93092b8932",\n' +
    '        "userId": "6797199b8d079f83daa3f759"\n' +
    '    },\n' +
    '    "responseHeaders": {\n' +
    '        "x-powered-by": "Express",\n' +
    '        "access-control-allow-origin": "*",\n' +
    '        "content-type": "application/json; charset=utf-8",\n' +
    '        "content-length": "51",\n' +
    '        "etag": "W/\\"33-TZfRoNympJNNLNOsX7iDyIUPwCI\\""\n' +
    '    }\n' +
    '}',
  level: 'info',
  timestamp: '2025-01-30 13:52:39'
}
{
  message: '{\n' +
    '    "method": "GET",\n' +
    '    "url": "/get_cars?brand=ferrari",\n' +
    '    "status": 200,\n' +
    '    "duration": "242ms",\n' +
    '    "requestBody": {},\n' +
    '    "responseHeaders": {\n' +
    '        "x-powered-by": "Express",\n' +
    '        "access-control-allow-origin": "*",\n' +
    '        "content-type": "application/json; charset=utf-8",\n' +
    '        "content-length": "1742",\n' +
    '        "etag": "W/\\"6ce-6r0mAV4moznIC7bgZx7kbhzXmUw\\""\n' +
    '    }\n' +
    '}',
  level: 'info',
  timestamp: '2025-01-30 13:56:06'
}
{
  message: '{\n' +
    '    "method": "GET",\n' +
    '    "url": "/get_one_car/67972449bd43fc93092b8932",\n' +
    '    "status": 200,\n' +
    '    "duration": "967ms",\n' +
    '    "requestBody": {},\n' +
    '    "responseHeaders": {\n' +
    '        "x-powered-by": "Express",\n' +
    '        "access-control-allow-origin": "*",\n' +
    '        "content-type": "application/json; charset=utf-8",\n' +
    '        "content-length": "274",\n' +
    '        "etag": "W/\\"112-D4S39FiCc9TT/Rw6yDsnn5yzwy0\\""\n' +
    '    }\n' +
    '}',
  level: 'info',
  timestamp: '2025-01-30 13:56:15'
}
{
  message: '{\n' +
    '    "method": "GET",\n' +
    '    "url": "/get_one_car/679726febd43fc93092b896d",\n' +
    '    "status": 200,\n' +
    '    "duration": "779ms",\n' +
    '    "requestBody": {},\n' +
    '    "responseHeaders": {\n' +
    '        "x-powered-by": "Express",\n' +
    '        "access-control-allow-origin": "*",\n' +
    '        "content-type": "application/json; charset=utf-8",\n' +
    '        "content-length": "439",\n' +
    '        "etag": "W/\\"1b7-ulXDkiwRbYQNsY0iPOcIlggUW3M\\""\n' +
    '    }\n' +
    '}',
  level: 'info',
  timestamp: '2025-01-30 13:56:54'
}
{
  message: '{\n' +
    '    "method": "GET",\n' +
    '    "url": "/1738223009119.jpeg",\n' +
    '    "status": 304,\n' +
    '    "duration": "3ms",\n' +
    '    "responseHeaders": {\n' +
    '        "x-powered-by": "Express",\n' +
    '        "access-control-allow-origin": "*",\n' +
    '        "accept-ranges": "bytes",\n' +
    '        "cache-control": "public, max-age=0",\n' +
    '        "last-modified": "Thu, 30 Jan 2025 07:43:29 GMT",\n' +
    '        "etag": "W/\\"3628-194b62a3d6a\\""\n' +
    '    }\n' +
    '}',
  level: 'info',
  timestamp: '2025-01-30 13:57:17'
}
{
  message: '{\n' +
    '    "method": "POST",\n' +
    '    "url": "/show_user_data",\n' +
    '    "status": 404,\n' +
    '    "duration": "3ms",\n' +
    '    "requestBody": {},\n' +
    '    "responseHeaders": {\n' +
    '        "x-powered-by": "Express",\n' +
    '        "access-control-allow-origin": "*",\n' +
    `        "content-security-policy": "default-src 'none'",\n` +
    '        "x-content-type-options": "nosniff",\n' +
    '        "content-type": "text/html; charset=utf-8",\n' +
    '        "content-length": 154\n' +
    '    }\n' +
    '}',
  level: 'info',
  timestamp: '2025-01-30 14:10:11'
}
{
  message: '{\n' +
    '    "method": "GET",\n' +
    '    "url": "/show_user_data",\n' +
    '    "status": 401,\n' +
    '    "duration": "3ms",\n' +
    '    "requestBody": {},\n' +
    '    "responseHeaders": {\n' +
    '        "x-powered-by": "Express",\n' +
    '        "access-control-allow-origin": "*",\n' +
    '        "content-type": "application/json; charset=utf-8",\n' +
    '        "content-length": "27",\n' +
    '        "etag": "W/\\"1b-ptDm3ggC53pgcLgMnSH4sPfBUYY\\""\n' +
    '    }\n' +
    '}',
  level: 'info',
  timestamp: '2025-01-30 14:10:15'
}
{
  message: 'shuhratkarimov.dev@gmail.com email egasi login qilishga urindi!',
  level: 'info',
  timestamp: '2025-01-30 14:10:20'
}
{
  message: 'shuhrat tizimga kirdi!',
  level: 'info',
  timestamp: '2025-01-30 14:10:20'
}
{
  message: '{\n' +
    '    "method": "POST",\n' +
    '    "url": "/login",\n' +
    '    "status": 200,\n' +
    '    "duration": "648ms",\n' +
    '    "requestBody": {\n' +
    '        "email": "shuhratkarimov.dev@gmail.com",\n' +
    '        "password": "1111"\n' +
    '    },\n' +
    '    "responseHeaders": {\n' +
    '        "x-powered-by": "Express",\n' +
    '        "access-control-allow-origin": "*",\n' +
    '        "set-cookie": [\n' +
    '            "accesstoken=eyJhbGciOiJIUzI1NiIsInR5cCI6IkpXVCJ9.eyJpZCI6IjY3OTcxOTliOGQwNzlmODNkYWEzZjc1OSIsInVzZXJuYW1lIjoic2h1aHJhdCIsImVtYWlsIjoic2h1aHJhdGthcmltb3YuZGV2QGdtYWlsLmNvbSIsInJvbGUiOiJzdXBlcmFkbWluIiwiaWF0IjoxNzM4MjI4MjIwLCJleHAiOjE3MzgyMjkxMjB9.vPBj8aNIY4R2ujH4BmF3Eo_01lcaSfAav_OvxBvmE9Y; Max-Age=900; Path=/; Expires=Thu, 30 Jan 2025 09:25:20 GMT; HttpOnly",\n' +
    '            "refreshtoken=eyJhbGciOiJIUzI1NiIsInR5cCI6IkpXVCJ9.eyJpZCI6IjY3OTcxOTliOGQwNzlmODNkYWEzZjc1OSIsInVzZXJuYW1lIjoic2h1aHJhdCIsImVtYWlsIjoic2h1aHJhdGthcmltb3YuZGV2QGdtYWlsLmNvbSIsInJvbGUiOiJzdXBlcmFkbWluIiwiaWF0IjoxNzM4MjI4MjIwLCJleHAiOjE3Mzg4MzMwMjB9.SRr5DMgoncWZY_69S8UTW0n35ocW-AMeTPdM1-1UL8M; Max-Age=604800; Path=/; Expires=Thu, 06 Feb 2025 09:10:20 GMT; HttpOnly"\n' +
    '        ],\n' +
    '        "content-type": "application/json; charset=utf-8",\n' +
    '        "content-length": "61",\n' +
    '        "etag": "W/\\"3d-zzZYoy/f/2rDKMTNKzSjvMrDORk\\""\n' +
    '    }\n' +
    '}',
  level: 'info',
  timestamp: '2025-01-30 14:10:20'
}
{
  message: '{\n' +
    '    "method": "GET",\n' +
    '    "url": "/show_user_data",\n' +
    '    "status": 500,\n' +
    '    "duration": "3ms",\n' +
    '    "requestBody": {},\n' +
    '    "responseHeaders": {\n' +
    '        "x-powered-by": "Express",\n' +
    '        "access-control-allow-origin": "*",\n' +
    '        "content-type": "application/json; charset=utf-8",\n' +
    '        "content-length": "62",\n' +
    '        "etag": "W/\\"3e-Ywx0RSY9FweACFsXJu4QCCxNduY\\""\n' +
    '    }\n' +
    '}',
  level: 'info',
  timestamp: '2025-01-30 14:10:25'
}
{
  message: '{\n' +
    '    "method": "GET",\n' +
    '    "url": "/show_user_data",\n' +
    '    "status": 200,\n' +
    '    "duration": "3762ms",\n' +
    '    "requestBody": {},\n' +
    '    "responseHeaders": {\n' +
    '        "x-powered-by": "Express",\n' +
    '        "access-control-allow-origin": "*",\n' +
    '        "content-type": "application/json; charset=utf-8",\n' +
    '        "content-length": "172",\n' +
    '        "etag": "W/\\"ac-lpJ9a5AUdjS+fPKe5k6tbNEVMKM\\""\n' +
    '    }\n' +
    '}',
  level: 'info',
  timestamp: '2025-01-30 14:10:48'
}
{
  message: '{\n' +
    '    "method": "GET",\n' +
    '    "url": "/show_user_data",\n' +
    '    "status": 200,\n' +
    '    "duration": "3270ms",\n' +
    '    "requestBody": {},\n' +
    '    "responseHeaders": {\n' +
    '        "x-powered-by": "Express",\n' +
    '        "access-control-allow-origin": "*",\n' +
    '        "content-type": "application/json; charset=utf-8",\n' +
    '        "content-length": "629",\n' +
    '        "etag": "W/\\"275-L+J3mHZqswJW4cC0oSWav7hxd9s\\""\n' +
    '    }\n' +
    '}',
  level: 'info',
  timestamp: '2025-01-30 14:11:25'
}
{
  message: '{\n' +
    '    "method": "GET",\n' +
    '    "url": "/show_user_data",\n' +
    '    "status": 200,\n' +
    '    "duration": "3598ms",\n' +
    '    "requestBody": {},\n' +
    '    "responseHeaders": {\n' +
    '        "x-powered-by": "Express",\n' +
    '        "access-control-allow-origin": "*",\n' +
    '        "content-type": "application/json; charset=utf-8",\n' +
    '        "content-length": "463",\n' +
    '        "etag": "W/\\"1cf-IvIYtQqvDjpFa0acfuF7V4gZ+aY\\""\n' +
    '    }\n' +
    '}',
  level: 'info',
  timestamp: '2025-01-30 14:14:39'
}
{
  message: '{\n' +
    '    "method": "GET",\n' +
    '    "url": "/show_user_data",\n' +
    '    "status": 200,\n' +
    '    "duration": "3123ms",\n' +
    '    "requestBody": {},\n' +
    '    "responseHeaders": {\n' +
    '        "x-powered-by": "Express",\n' +
    '        "access-control-allow-origin": "*",\n' +
    '        "content-type": "application/json; charset=utf-8",\n' +
    '        "content-length": "380",\n' +
    '        "etag": "W/\\"17c-xbGlnkB0VaTw1s0+rmdR63zBB70\\""\n' +
    '    }\n' +
    '}',
  level: 'info',
  timestamp: '2025-01-30 14:15:02'
}
{
  message: '{\n' +
    '    "method": "GET",\n' +
    '    "url": "/show_user_data",\n' +
    '    "status": 200,\n' +
    '    "duration": "3329ms",\n' +
    '    "requestBody": {},\n' +
    '    "responseHeaders": {\n' +
    '        "x-powered-by": "Express",\n' +
    '        "access-control-allow-origin": "*",\n' +
    '        "content-type": "application/json; charset=utf-8",\n' +
    '        "content-length": "346",\n' +
    '        "etag": "W/\\"15a-uaoKW4KwmFHtTZmnFrLsUi68RrQ\\""\n' +
    '    }\n' +
    '}',
  level: 'info',
  timestamp: '2025-01-30 14:16:53'
}
{
  message: '{\n' +
    '    "method": "GET",\n' +
    '    "url": "/get_one_car/679726febd43fc93092b896d",\n' +
    '    "status": 200,\n' +
    '    "duration": "921ms",\n' +
    '    "requestBody": {},\n' +
    '    "responseHeaders": {\n' +
    '        "x-powered-by": "Express",\n' +
    '        "access-control-allow-origin": "*",\n' +
    '        "content-type": "application/json; charset=utf-8",\n' +
    '        "content-length": "439",\n' +
    '        "etag": "W/\\"1b7-ulXDkiwRbYQNsY0iPOcIlggUW3M\\""\n' +
    '    }\n' +
    '}',
  level: 'info',
  timestamp: '2025-01-30 14:18:08'
}
{
  message: '{\n' +
    '    "method": "POST",\n' +
    '    "url": "/like",\n' +
    '    "status": 200,\n' +
    '    "duration": "624ms",\n' +
    '    "requestBody": {\n' +
    '        "carId": "679726febd43fc93092b896d",\n' +
    '        "userId": "6797199b8d079f83daa3f759"\n' +
    '    },\n' +
    '    "responseHeaders": {\n' +
    '        "x-powered-by": "Express",\n' +
    '        "access-control-allow-origin": "*",\n' +
    '        "content-type": "application/json; charset=utf-8",\n' +
    '        "content-length": "39",\n' +
    '        "etag": "W/\\"27-OW67bu2xvk9HtgvwKpF3hZ12KLQ\\""\n' +
    '    }\n' +
    '}',
  level: 'info',
  timestamp: '2025-01-30 14:18:22'
}
{
  message: '{\n' +
    '    "method": "GET",\n' +
    '    "url": "/get_one_car/679726febd43fc93092b896d",\n' +
    '    "status": 500,\n' +
    '    "duration": "279ms",\n' +
    '    "requestBody": {},\n' +
    '    "responseHeaders": {\n' +
    '        "x-powered-by": "Express",\n' +
    '        "access-control-allow-origin": "*",\n' +
    '        "content-type": "application/json; charset=utf-8",\n' +
    '        "content-length": "55",\n' +
    '        "etag": "W/\\"37-V+Uba7fHg3G0kLOXzxpJqw4K8+o\\""\n' +
    '    }\n' +
    '}',
  level: 'info',
  timestamp: '2025-01-30 14:18:58'
}
{
  message: '{\n' +
    '    "method": "GET",\n' +
    '    "url": "/get_one_car/679726febd43fc93092b896d",\n' +
    '    "status": 200,\n' +
    '    "duration": "868ms",\n' +
    '    "requestBody": {},\n' +
    '    "responseHeaders": {\n' +
    '        "x-powered-by": "Express",\n' +
    '        "access-control-allow-origin": "*",\n' +
    '        "content-type": "application/json; charset=utf-8",\n' +
    '        "content-length": "439",\n' +
    '        "etag": "W/\\"1b7-YAd2GHlFd3RozH84EVkqrDBf/fU\\""\n' +
    '    }\n' +
    '}',
  level: 'info',
  timestamp: '2025-01-30 14:20:04'
}
{
  message: '{\n' +
    '    "method": "POST",\n' +
    '    "url": "/like",\n' +
    '    "status": 403,\n' +
    '    "duration": "309ms",\n' +
    '    "requestBody": {\n' +
    '        "carId": "679726febd43fc93092b896d",\n' +
    '        "userId": "6797199b8d079f83daa3f759"\n' +
    '    },\n' +
    '    "responseHeaders": {\n' +
    '        "x-powered-by": "Express",\n' +
    '        "access-control-allow-origin": "*",\n' +
    '        "content-type": "application/json; charset=utf-8",\n' +
    '        "content-length": "48",\n' +
    '        "etag": "W/\\"30-j7CE5IFgB57PeBd6WWhrriV432w\\""\n' +
    '    }\n' +
    '}',
  level: 'info',
  timestamp: '2025-01-30 14:20:49'
}
{
  message: '{\n' +
    '    "method": "POST",\n' +
    '    "url": "/dislike",\n' +
    '    "status": 403,\n' +
    '    "duration": "253ms",\n' +
    '    "requestBody": {\n' +
    '        "carId": "67972449bd43fc93092b8932",\n' +
    '        "userId": "6797199b8d079f83daa3f759"\n' +
    '    },\n' +
    '    "responseHeaders": {\n' +
    '        "x-powered-by": "Express",\n' +
    '        "access-control-allow-origin": "*",\n' +
    '        "content-type": "application/json; charset=utf-8",\n' +
    '        "content-length": "51",\n' +
    '        "etag": "W/\\"33-TZfRoNympJNNLNOsX7iDyIUPwCI\\""\n' +
    '    }\n' +
    '}',
  level: 'info',
  timestamp: '2025-01-30 14:20:53'
}
{
  message: '{\n' +
    '    "method": "POST",\n' +
    '    "url": "/dislike",\n' +
    '    "status": 200,\n' +
    '    "duration": "602ms",\n' +
    '    "requestBody": {\n' +
    '        "carId": "679726febd43fc93092b896d",\n' +
    '        "userId": "6797199b8d079f83daa3f759"\n' +
    '    },\n' +
    '    "responseHeaders": {\n' +
    '        "x-powered-by": "Express",\n' +
    '        "access-control-allow-origin": "*",\n' +
    '        "content-type": "application/json; charset=utf-8",\n' +
    '        "content-length": "42",\n' +
    '        "etag": "W/\\"2a-uo0uraCMeLvM5v2oalQwhYOh/Gs\\""\n' +
    '    }\n' +
    '}',
  level: 'info',
  timestamp: '2025-01-30 14:20:56'
}
{
  message: '{\n' +
    '    "method": "POST",\n' +
    '    "url": "/dislike",\n' +
    '    "status": 401,\n' +
    '    "duration": "15ms",\n' +
    '    "requestBody": {\n' +
    '        "carId": "679726febd43fc93092b896d",\n' +
    '        "userId": "6797199b8d079f83daa3f759"\n' +
    '    },\n' +
    '    "responseHeaders": {\n' +
    '        "x-powered-by": "Express",\n' +
    '        "access-control-allow-origin": "*",\n' +
    '        "content-type": "application/json; charset=utf-8",\n' +
    '        "content-length": "27",\n' +
    '        "etag": "W/\\"1b-ptDm3ggC53pgcLgMnSH4sPfBUYY\\""\n' +
    '    }\n' +
    '}',
  level: 'info',
  timestamp: '2025-01-30 14:26:17'
}
{
  message: 'shuhratkarimov.dev@gmail.com email egasi login qilishga urindi!',
  level: 'info',
  timestamp: '2025-01-30 14:26:23'
}
{
  message: 'shuhrat tizimga kirdi!',
  level: 'info',
  timestamp: '2025-01-30 14:26:24'
}
{
  message: '{\n' +
    '    "method": "POST",\n' +
    '    "url": "/login",\n' +
    '    "status": 200,\n' +
    '    "duration": "702ms",\n' +
    '    "requestBody": {\n' +
    '        "email": "shuhratkarimov.dev@gmail.com",\n' +
    '        "password": "1111"\n' +
    '    },\n' +
    '    "responseHeaders": {\n' +
    '        "x-powered-by": "Express",\n' +
    '        "access-control-allow-origin": "*",\n' +
    '        "set-cookie": [\n' +
    '            "accesstoken=eyJhbGciOiJIUzI1NiIsInR5cCI6IkpXVCJ9.eyJpZCI6IjY3OTcxOTliOGQwNzlmODNkYWEzZjc1OSIsInVzZXJuYW1lIjoic2h1aHJhdCIsImVtYWlsIjoic2h1aHJhdGthcmltb3YuZGV2QGdtYWlsLmNvbSIsInJvbGUiOiJzdXBlcmFkbWluIiwiaWF0IjoxNzM4MjI5MTg0LCJleHAiOjE3MzgyMzAwODR9._izjsRGnBwFg8hi-EzGsh_fytgKhd-rhacTlzlI9PFI; Max-Age=900; Path=/; Expires=Thu, 30 Jan 2025 09:41:24 GMT; HttpOnly",\n' +
    '            "refreshtoken=eyJhbGciOiJIUzI1NiIsInR5cCI6IkpXVCJ9.eyJpZCI6IjY3OTcxOTliOGQwNzlmODNkYWEzZjc1OSIsInVzZXJuYW1lIjoic2h1aHJhdCIsImVtYWlsIjoic2h1aHJhdGthcmltb3YuZGV2QGdtYWlsLmNvbSIsInJvbGUiOiJzdXBlcmFkbWluIiwiaWF0IjoxNzM4MjI5MTg0LCJleHAiOjE3Mzg4MzM5ODR9.-yLjPFzSRG6R3shKgmKbkJjQLQjxKgjhjA7qDVnCalE; Max-Age=604800; Path=/; Expires=Thu, 06 Feb 2025 09:26:24 GMT; HttpOnly"\n' +
    '        ],\n' +
    '        "content-type": "application/json; charset=utf-8",\n' +
    '        "content-length": "61",\n' +
    '        "etag": "W/\\"3d-zzZYoy/f/2rDKMTNKzSjvMrDORk\\""\n' +
    '    }\n' +
    '}',
  level: 'info',
  timestamp: '2025-01-30 14:26:24'
}
{
  message: '{\n' +
    '    "method": "POST",\n' +
    '    "url": "/dislike",\n' +
    '    "status": 200,\n' +
    '    "duration": "822ms",\n' +
    '    "requestBody": {\n' +
    '        "carId": "679726febd43fc93092b896d",\n' +
    '        "userId": "6797199b8d079f83daa3f759"\n' +
    '    },\n' +
    '    "responseHeaders": {\n' +
    '        "x-powered-by": "Express",\n' +
    '        "access-control-allow-origin": "*",\n' +
    '        "content-type": "application/json; charset=utf-8",\n' +
    '        "content-length": "42",\n' +
    '        "etag": "W/\\"2a-uo0uraCMeLvM5v2oalQwhYOh/Gs\\""\n' +
    '    }\n' +
    '}',
  level: 'info',
  timestamp: '2025-01-30 14:26:34'
}
{
  message: '{\n' +
    '    "method": "POST",\n' +
    '    "url": "/like",\n' +
    '    "status": 200,\n' +
    '    "duration": "1052ms",\n' +
    '    "requestBody": {\n' +
    '        "carId": "679726febd43fc93092b896d",\n' +
    '        "userId": "6797199b8d079f83daa3f759"\n' +
    '    },\n' +
    '    "responseHeaders": {\n' +
    '        "x-powered-by": "Express",\n' +
    '        "access-control-allow-origin": "*",\n' +
    '        "content-type": "application/json; charset=utf-8",\n' +
    '        "content-length": "39",\n' +
    '        "etag": "W/\\"27-OW67bu2xvk9HtgvwKpF3hZ12KLQ\\""\n' +
    '    }\n' +
    '}',
  level: 'info',
  timestamp: '2025-01-30 14:26:44'
}
{
  message: '{\n' +
    '    "method": "POST",\n' +
    '    "url": "/dislike",\n' +
    '    "status": 200,\n' +
    '    "duration": "1158ms",\n' +
    '    "requestBody": {\n' +
    '        "carId": "679726febd43fc93092b896d",\n' +
    '        "userId": "6797199b8d079f83daa3f759"\n' +
    '    },\n' +
    '    "responseHeaders": {\n' +
    '        "x-powered-by": "Express",\n' +
    '        "access-control-allow-origin": "*",\n' +
    '        "content-type": "application/json; charset=utf-8",\n' +
    '        "content-length": "42",\n' +
    '        "etag": "W/\\"2a-uo0uraCMeLvM5v2oalQwhYOh/Gs\\""\n' +
    '    }\n' +
    '}',
  level: 'info',
  timestamp: '2025-01-30 14:26:50'
}
{
  message: '{\n' +
    '    "method": "POST",\n' +
    '    "url": "/like",\n' +
    '    "status": 200,\n' +
    '    "duration": "1070ms",\n' +
    '    "requestBody": {\n' +
    '        "carId": "679726febd43fc93092b896d",\n' +
    '        "userId": "6797199b8d079f83daa3f759"\n' +
    '    },\n' +
    '    "responseHeaders": {\n' +
    '        "x-powered-by": "Express",\n' +
    '        "access-control-allow-origin": "*",\n' +
    '        "content-type": "application/json; charset=utf-8",\n' +
    '        "content-length": "39",\n' +
    '        "etag": "W/\\"27-OW67bu2xvk9HtgvwKpF3hZ12KLQ\\""\n' +
    '    }\n' +
    '}',
  level: 'info',
  timestamp: '2025-01-30 14:27:24'
}
